#
# A fatal error has been detected by the Java Runtime Environment:
#
#  SIGSEGV (0xb) at pc=0x0000000131b3989e, pid=15027, tid=113199
#
# JRE version: Java(TM) SE Runtime Environment (8.0_65-b17) (build 1.8.0_65-b17)
# Java VM: Java HotSpot(TM) 64-Bit Server VM (25.65-b01 mixed mode bsd-amd64 compressed oops)
# Problematic frame:
# C  [libjfxmedia_avf.dylib+0x789e]  _ZN18AVFKernelComponent18ProcessBufferListsERjRK15AudioBufferListRS1_j+0x22
#
# Failed to write core dump. Core dumps have been disabled. To enable core dumping, try "ulimit -c unlimited" before starting Java again
#
# If you would like to submit a bug report, please visit:
#   http://bugreport.java.com/bugreport/crash.jsp
#

---------------  T H R E A D  ---------------

Current thread is native thread

siginfo: si_signo: 11 (SIGSEGV), si_code: 0 (unknown), si_addr: 0x0000000000000000

Registers:
RAX=0x800007ff659489a2, RBX=0x000070000d549a54, RCX=0x00007ff65b437650, RDX=0x00007ff65b436fb0
RSP=0x000070000d5497a0, RBP=0x000070000d5497a0, RSI=0x000070000d549a54, RDI=0x00007ff65b39cf20
R8 =0x0000000000001000, R9 =0x000070000d5495b7, R10=0x0000000131b54290, R11=0x00000000000006a0
R12=0x00007ff65b42a640, R13=0x00007ff65b436fb0, R14=0x0000000131b3987c, R15=0x0000000000001000
RIP=0x0000000131b3989e, EFLAGS=0x0000000000010202, ERR=0x0000000000000000
  TRAPNO=0x000000000000000d

Top of Stack: (sp=0x000070000d5497a0)
0x000070000d5497a0:   000070000d549800 0000000131b42af2
0x000070000d5497b0:   0000000000000000 000070000d549a54
0x000070000d5497c0:   0000000000000000 0000000000000000
0x000070000d5497d0:   0000000000000000 000070000d549a54
0x000070000d5497e0:   00007ff65b42a640 00007ff65b437590
0x000070000d5497f0:   00007ff65b437010 0000000000001000
0x000070000d549800:   000070000d549850 0000000131b3d3a9
0x000070000d549810:   0000000000000000 000070000d549a78
0x000070000d549820:   0000000000000000 0000000000009fe0
0x000070000d549830:   00007ff65b437590 00000000ffffffce
0x000070000d549840:   0000000000001000 00007ff65b42a640
0x000070000d549850:   000070000d5498c0 0000000131b3b9e1
0x000070000d549860:   00007ff65b437010 00009fe082b99257
0x000070000d549870:   000070000d549a54 000070000d549a78
0x000070000d549880:   000000000d5498e0 00007ff65b437010
0x000070000d549890:   00009fe000000000 00000000ffffffce
0x000070000d5498a0:   000070000d549a54 0000000000000000
0x000070000d5498b0:   0000000000001000 000070000d549a78
0x000070000d5498c0:   000070000d5498e0 0000000131b3f9d6
0x000070000d5498d0:   00000000fffffffc 00007ff65b437b60
0x000070000d5498e0:   000070000d549920 0000000131b3e7b7
0x000070000d5498f0:   00007ff65b437b60 000070000d549a78
0x000070000d549900:   00007ff65b42a860 00000000ffffd584
0x000070000d549910:   000070000d549a54 0000000000001000
0x000070000d549920:   000070000d549980 0000000131b42930
0x000070000d549930:   0000000000000000 000070000d549a54
0x000070000d549940:   0000000000000000 0000000000000000
0x000070000d549950:   0000000000000000 000070000d549a54
0x000070000d549960:   00007ff65b42a860 00007ff65b437c50
0x000070000d549970:   00007ff65b3b68a8 0000000000001000
0x000070000d549980:   000070000d5499d0 0000000131b3d3a9
0x000070000d549990:   0000000000000000 000070000d549a78 

Instructions: (pc=0x0000000131b3989e)
0x0000000131b3987e:   89 e5 80 bf d0 01 00 00 00 74 06 5d e9 bf 92 00
0x0000000131b3988e:   00 48 8b bf d8 01 00 00 48 85 ff 74 0a 48 8b 07
0x0000000131b3989e:   48 8b 40 28 5d ff e0 31 c0 5d c3 90 55 48 89 e5
0x0000000131b398ae:   41 57 41 56 41 55 41 54 53 50 4d 89 c6 41 89 d5 

Register to memory mapping:

RAX=0x800007ff659489a2 is an unknown value
RBX=0x000070000d549a54 is an unknown value
RCX=0x00007ff65b437650 is an unknown value
RDX=0x00007ff65b436fb0 is an unknown value
RSP=0x000070000d5497a0 is an unknown value
RBP=0x000070000d5497a0 is an unknown value
RSI=0x000070000d549a54 is an unknown value
RDI=0x00007ff65b39cf20 is an unknown value
R8 =0x0000000000001000 is an unknown value
R9 =0x000070000d5495b7 is an unknown value
R10=0x0000000131b54290: _ZTV18AVFEqualizerKernel+0x10 in /Library/Java/JavaVirtualMachines/jdk1.8.0_65.jdk/Contents/Home/jre/lib/libjfxmedia_avf.dylib at 0x0000000131b32000
R11=0x00000000000006a0 is an unknown value
R12=0x00007ff65b42a640 is an unknown value
R13=0x00007ff65b436fb0 is an unknown value
R14=0x0000000131b3987c: _ZN18AVFKernelComponent18ProcessBufferListsERjRK15AudioBufferListRS1_j+0 in /Library/Java/JavaVirtualMachines/jdk1.8.0_65.jdk/Contents/Home/jre/lib/libjfxmedia_avf.dylib at 0x0000000131b32000
R15=0x0000000000001000 is an unknown value


Stack: [0x000070000d4ca000,0x000070000d54a000],  sp=0x000070000d5497a0,  free space=509k
Native frames: (J=compiled Java code, j=interpreted, Vv=VM code, C=native code)
C  [libjfxmedia_avf.dylib+0x789e]  _ZN18AVFKernelComponent18ProcessBufferListsERjRK15AudioBufferListRS1_j+0x22
C  [libjfxmedia_avf.dylib+0x10af2]  _ZN12AUEffectBase6RenderERjRK14AudioTimeStampj+0x240
C  [libjfxmedia_avf.dylib+0xb3a9]  _ZN6AUBase11DoRenderBusERjRK14AudioTimeStampjP15AUOutputElementjR15AudioBufferList+0xa9
C  [libjfxmedia_avf.dylib+0x99e1]  _ZN6AUBase8DoRenderERjRK14AudioTimeStampjjR15AudioBufferList+0x1b9
C  [libjfxmedia_avf.dylib+0xd9d6]  _ZL14AUMethodRenderPvPjPK14AudioTimeStampjjP15AudioBufferList+0x2e
C  [libjfxmedia_avf.dylib+0xc7b7]  _ZN14AUInputElement9PullInputERjRK14AudioTimeStampjj+0x8d
C  [libjfxmedia_avf.dylib+0x10930]  _ZN12AUEffectBase6RenderERjRK14AudioTimeStampj+0x7e
C  [libjfxmedia_avf.dylib+0xb3a9]  _ZN6AUBase11DoRenderBusERjRK14AudioTimeStampjP15AUOutputElementjR15AudioBufferList+0xa9
C  [libjfxmedia_avf.dylib+0x99e1]  _ZN6AUBase8DoRenderERjRK14AudioTimeStampjjR15AudioBufferList+0x1b9
C  [libjfxmedia_avf.dylib+0xd9d6]  _ZL14AUMethodRenderPvPjPK14AudioTimeStampjjP15AudioBufferList+0x2e
C  [libjfxmedia_avf.dylib+0x54f1]  _ZL15ProcessAudioTapPKvljP15AudioBufferListPlPj+0x63
C  [MediaToolbox+0x37140d]  MTAudioProcessingTapGetSourceAudio+0x852
C  [AudioToolbox+0xe4229]  _Z25AQClientCallProcessingTapPvjP14AudioTimeStampPjS2_P15AudioBufferListidjdjPKhj+0x5d
C  [AudioToolbox+0x16af0e]  _ZN15AQProcessingTap9DoCalloutERjR14AudioTimeStampS0_R15AudioBufferList+0xbc
C  [AudioToolbox+0x16ad0d]  _ZN16AudioQueueObject18PerformTapInternalER14AudioTimeStampRjS2_+0x85
C  [AudioToolbox+0x16ac13]  _ZN16AudioQueueObject20PerformProcessingTapEPFiPvRjRK14AudioTimeStampjR15AudioBufferListRdS1_ES0_RS2_S1_S6_S1_+0xc5
C  [AudioToolbox+0x176227]  _ZN14MEMixerChannel13TapDownstreamEPvPjPK14AudioTimeStampjjP15AudioBufferList+0x81
C  [CoreAudio+0x10cea5]  _ZN14AUInputElement9PullInputERjRK14AudioTimeStampjj+0xb9
C  [CoreAudio+0x5f524]  _ZN18AUDeferredRenderer7ProduceEv+0x240
C  [CoreAudio+0x5f25b]  _ZN18AUDeferredRenderer18ProducerThreadProcEv+0x31
C  [CoreAudio+0x5ec5b]  _ZN18AUDeferredRenderer18ProducerThreadProcEPv+0x1f
C  [CoreAudio+0x123695]  _ZN9CAPThread5EntryEPS_+0x55
C  [libsystem_pthread.dylib+0x39af]  _pthread_body+0xb4
C  [libsystem_pthread.dylib+0x38fb]  _pthread_body+0x0
C  [libsystem_pthread.dylib+0x3101]  thread_start+0xd


---------------  P R O C E S S  ---------------

VM state:not at safepoint (normal execution)

VM Mutex/Monitor currently owned by a thread: None

Heap:
 PSYoungGen      total 37888K, used 8501K [0x0000000795580000, 0x0000000798a00000, 0x00000007c0000000)
  eden space 24064K, 34% used [0x0000000795580000,0x0000000795da5550,0x0000000796d00000)
  from space 13824K, 1% used [0x0000000797c80000,0x0000000797ca8000,0x0000000798a00000)
  to   space 14848K, 0% used [0x0000000796d00000,0x0000000796d00000,0x0000000797b80000)
 ParOldGen       total 57344K, used 11244K [0x0000000740000000, 0x0000000743800000, 0x0000000795580000)
  object space 57344K, 19% used [0x0000000740000000,0x0000000740afb050,0x0000000743800000)
 Metaspace       used 21684K, capacity 22974K, committed 23040K, reserved 1069056K
  class space    used 2995K, capacity 3276K, committed 3328K, reserved 1048576K

Card table byte_map: [0x000000010f949000,0x000000010fd4a000] byte_map_base: 0x000000010bf49000

Marking Bits: (ParMarkBitMap*) 0x000000010eedee20
 Begin Bits: [0x000000010fff5000, 0x0000000111ff5000)
 End Bits:   [0x0000000111ff5000, 0x0000000113ff5000)

Polling page: 0x000000010dc4f000

CodeCache: size=245760Kb used=12522Kb max_used=12610Kb free=233237Kb
 bounds [0x0000000116159000, 0x0000000116dc9000, 0x0000000125159000]
 total_blobs=4613 nmethods=3919 adapters=606
 compilation: enabled

Compilation events (10 events):
Event: 129.496 Thread 0x00007ff657034800 4410       3       javafx.scene.shape.Shape$StyleableProperties$2::isSettable (23 bytes)
Event: 129.496 Thread 0x00007ff657034800 nmethod 4410 0x0000000116db50d0 code [0x0000000116db5240, 0x0000000116db55b0]
Event: 129.497 Thread 0x00007ff657034800 4411       3       com.sun.javafx.scene.control.skin.LabeledSkinBase::computeMaxWidth (12 bytes)
Event: 129.497 Thread 0x00007ff657034800 nmethod 4411 0x0000000116db4a90 code [0x0000000116db4c00, 0x0000000116db4f88]
Event: 129.498 Thread 0x00007ff657034800 4412       3       javafx.scene.layout.Region::layoutInArea (230 bytes)
Event: 129.501 Thread 0x00007ff657034800 nmethod 4412 0x0000000116db5f10 code [0x0000000116db62a0, 0x0000000116db7cd8]
Event: 129.540 Thread 0x00007ff65804d800 4413       4       java.util.HashMap$EntryIterator::next (5 bytes)
Event: 129.541 Thread 0x00007ff657034800 4414       3       com.sun.javafx.scene.KeyboardShortcutsHandler::clearNodeMnemonics (94 bytes)
Event: 129.542 Thread 0x00007ff657034800 nmethod 4414 0x00000001162b28d0 code [0x00000001162b2b00, 0x00000001162b3708]
Event: 129.542 Thread 0x00007ff657034800 4415       3       com.sun.org.apache.xerces.internal.impl.XMLEntityScanner::scanData (1043 bytes)

GC Heap History (10 events):
Event: 119.460 GC heap before
{Heap before GC invocations=19 (full 1):
 PSYoungGen      total 27136K, used 26720K [0x0000000795580000, 0x0000000799480000, 0x00000007c0000000)
  eden space 26624K, 100% used [0x0000000795580000,0x0000000796f80000,0x0000000796f80000)
  from space 512K, 18% used [0x0000000797000000,0x0000000797018000,0x0000000797080000)
  to   space 18944K, 0% used [0x0000000798200000,0x0000000798200000,0x0000000799480000)
 ParOldGen       total 57344K, used 11132K [0x0000000740000000, 0x0000000743800000, 0x0000000795580000)
  object space 57344K, 19% used [0x0000000740000000,0x0000000740adf050,0x0000000743800000)
 Metaspace       used 21603K, capacity 22892K, committed 23040K, reserved 1069056K
  class space    used 2991K, capacity 3273K, committed 3328K, reserved 1048576K
Event: 119.461 GC heap after
Heap after GC invocations=19 (full 1):
 PSYoungGen      total 43520K, used 96K [0x0000000795580000, 0x0000000799300000, 0x00000007c0000000)
  eden space 26112K, 0% used [0x0000000795580000,0x0000000795580000,0x0000000796f00000)
  from space 17408K, 0% used [0x0000000798200000,0x0000000798218000,0x0000000799300000)
  to   space 18432K, 0% used [0x0000000796f00000,0x0000000796f00000,0x0000000798100000)
 ParOldGen       total 57344K, used 11148K [0x0000000740000000, 0x0000000743800000, 0x0000000795580000)
  object space 57344K, 19% used [0x0000000740000000,0x0000000740ae3050,0x0000000743800000)
 Metaspace       used 21603K, capacity 22892K, committed 23040K, reserved 1069056K
  class space    used 2991K, capacity 3273K, committed 3328K, reserved 1048576K
}
Event: 120.003 GC heap before
{Heap before GC invocations=20 (full 1):
 PSYoungGen      total 43520K, used 26208K [0x0000000795580000, 0x0000000799300000, 0x00000007c0000000)
  eden space 26112K, 100% used [0x0000000795580000,0x0000000796f00000,0x0000000796f00000)
  from space 17408K, 0% used [0x0000000798200000,0x0000000798218000,0x0000000799300000)
  to   space 18432K, 0% used [0x0000000796f00000,0x0000000796f00000,0x0000000798100000)
 ParOldGen       total 57344K, used 11148K [0x0000000740000000, 0x0000000743800000, 0x0000000795580000)
  object space 57344K, 19% used [0x0000000740000000,0x0000000740ae3050,0x0000000743800000)
 Metaspace       used 21619K, capacity 22892K, committed 23040K, reserved 1069056K
  class space    used 2991K, capacity 3273K, committed 3328K, reserved 1048576K
Event: 120.005 GC heap after
Heap after GC invocations=20 (full 1):
 PSYoungGen      total 26112K, used 128K [0x0000000795580000, 0x0000000799080000, 0x00000007c0000000)
  eden space 25600K, 0% used [0x0000000795580000,0x0000000795580000,0x0000000796e80000)
  from space 512K, 25% used [0x0000000796f00000,0x0000000796f20000,0x0000000796f80000)
  to   space 17408K, 0% used [0x0000000797f80000,0x0000000797f80000,0x0000000799080000)
 ParOldGen       total 57344K, used 11156K [0x0000000740000000, 0x0000000743800000, 0x0000000795580000)
  object space 57344K, 19% used [0x0000000740000000,0x0000000740ae5050,0x0000000743800000)
 Metaspace       used 21619K, capacity 22892K, committed 23040K, reserved 1069056K
  class space    used 2991K, capacity 3273K, committed 3328K, reserved 1048576K
}
Event: 121.491 GC heap before
{Heap before GC invocations=21 (full 1):
 PSYoungGen      total 26112K, used 25728K [0x0000000795580000, 0x0000000799080000, 0x00000007c0000000)
  eden space 25600K, 100% used [0x0000000795580000,0x0000000796e80000,0x0000000796e80000)
  from space 512K, 25% used [0x0000000796f00000,0x0000000796f20000,0x0000000796f80000)
  to   space 17408K, 0% used [0x0000000797f80000,0x0000000797f80000,0x0000000799080000)
 ParOldGen       total 57344K, used 11156K [0x0000000740000000, 0x0000000743800000, 0x0000000795580000)
  object space 57344K, 19% used [0x0000000740000000,0x0000000740ae5050,0x0000000743800000)
 Metaspace       used 21628K, capacity 22892K, committed 23040K, reserved 1069056K
  class space    used 2991K, capacity 3273K, committed 3328K, reserved 1048576K
Event: 121.492 GC heap after
Heap after GC invocations=21 (full 1):
 PSYoungGen      total 39936K, used 128K [0x0000000795580000, 0x0000000798e00000, 0x00000007c0000000)
  eden space 25088K, 0% used [0x0000000795580000,0x0000000795580000,0x0000000796e00000)
  from space 14848K, 0% used [0x0000000797f80000,0x0000000797fa0000,0x0000000798e00000)
  to   space 16384K, 0% used [0x0000000796e00000,0x0000000796e00000,0x0000000797e00000)
 ParOldGen       total 57344K, used 11188K [0x0000000740000000, 0x0000000743800000, 0x0000000795580000)
  object space 57344K, 19% used [0x0000000740000000,0x0000000740aed050,0x0000000743800000)
 Metaspace       used 21628K, capacity 22892K, committed 23040K, reserved 1069056K
  class space    used 2991K, capacity 3273K, committed 3328K, reserved 1048576K
}
Event: 125.178 GC heap before
{Heap before GC invocations=22 (full 1):
 PSYoungGen      total 39936K, used 25216K [0x0000000795580000, 0x0000000798e00000, 0x00000007c0000000)
  eden space 25088K, 100% used [0x0000000795580000,0x0000000796e00000,0x0000000796e00000)
  from space 14848K, 0% used [0x0000000797f80000,0x0000000797fa0000,0x0000000798e00000)
  to   space 16384K, 0% used [0x0000000796e00000,0x0000000796e00000,0x0000000797e00000)
 ParOldGen       total 57344K, used 11188K [0x0000000740000000, 0x0000000743800000, 0x0000000795580000)
  object space 57344K, 19% used [0x0000000740000000,0x0000000740aed050,0x0000000743800000)
 Metaspace       used 21648K, capacity 22962K, committed 23040K, reserved 1069056K
  class space    used 2993K, capacity 3274K, committed 3328K, reserved 1048576K
Event: 125.180 GC heap after
Heap after GC invocations=22 (full 1):
 PSYoungGen      total 25088K, used 160K [0x0000000795580000, 0x0000000798b80000, 0x00000007c0000000)
  eden space 24576K, 0% used [0x0000000795580000,0x0000000795580000,0x0000000796d80000)
  from space 512K, 31% used [0x0000000796e00000,0x0000000796e28000,0x0000000796e80000)
  to   space 15360K, 0% used [0x0000000797c80000,0x0000000797c80000,0x0000000798b80000)
 ParOldGen       total 57344K, used 11212K [0x0000000740000000, 0x0000000743800000, 0x0000000795580000)
  object space 57344K, 19% used [0x0000000740000000,0x0000000740af3050,0x0000000743800000)
 Metaspace       used 21648K, capacity 22962K, committed 23040K, reserved 1069056K
  class space    used 2993K, capacity 3274K, committed 3328K, reserved 1048576K
}
Event: 129.358 GC heap before
{Heap before GC invocations=23 (full 1):
 PSYoungGen      total 25088K, used 24736K [0x0000000795580000, 0x0000000798b80000, 0x00000007c0000000)
  eden space 24576K, 100% used [0x0000000795580000,0x0000000796d80000,0x0000000796d80000)
  from space 512K, 31% used [0x0000000796e00000,0x0000000796e28000,0x0000000796e80000)
  to   space 15360K, 0% used [0x0000000797c80000,0x0000000797c80000,0x0000000798b80000)
 ParOldGen       total 57344K, used 11212K [0x0000000740000000, 0x0000000743800000, 0x0000000795580000)
  object space 57344K, 19% used [0x0000000740000000,0x0000000740af3050,0x0000000743800000)
 Metaspace       used 21654K, capacity 22962K, committed 23040K, reserved 1069056K
  class space    used 2994K, capacity 3274K, committed 3328K, reserved 1048576K
Event: 129.360 GC heap after
Heap after GC invocations=23 (full 1):
 PSYoungGen      total 37888K, used 160K [0x0000000795580000, 0x0000000798a00000, 0x00000007c0000000)
  eden space 24064K, 0% used [0x0000000795580000,0x0000000795580000,0x0000000796d00000)
  from space 13824K, 1% used [0x0000000797c80000,0x0000000797ca8000,0x0000000798a00000)
  to   space 14848K, 0% used [0x0000000796d00000,0x0000000796d00000,0x0000000797b80000)
 ParOldGen       total 57344K, used 11244K [0x0000000740000000, 0x0000000743800000, 0x0000000795580000)
  object space 57344K, 19% used [0x0000000740000000,0x0000000740afb050,0x0000000743800000)
 Metaspace       used 21654K, capacity 22962K, committed 23040K, reserved 1069056K
  class space    used 2994K, capacity 3274K, committed 3328K, reserved 1048576K
}

Deoptimization events (10 events):
Event: 76.868 Thread 0x00007ff658242000 Uncommon trap: reason=class_check action=maybe_recompile pc=0x00000001163853a0 method=javafx.scene.Node$MiscProperties.getEffect()Ljavafx/scene/effect/Effect; @ 20
Event: 76.868 Thread 0x00007ff658242000 Uncommon trap: reason=class_check action=maybe_recompile pc=0x00000001163853a0 method=javafx.scene.Node$MiscProperties.getEffect()Ljavafx/scene/effect/Effect; @ 20
Event: 76.868 Thread 0x00007ff658242000 Uncommon trap: reason=class_check action=maybe_recompile pc=0x00000001162d57fc method=javafx.scene.Node$MiscProperties.getEffect()Ljavafx/scene/effect/Effect; @ 20
Event: 76.869 Thread 0x00007ff658242000 Uncommon trap: reason=class_check action=maybe_recompile pc=0x00000001163853a0 method=javafx.scene.Node$MiscProperties.getEffect()Ljavafx/scene/effect/Effect; @ 20
Event: 76.870 Thread 0x00007ff658242000 Uncommon trap: reason=unstable_if action=reinterpret pc=0x0000000116726998 method=com.sun.javafx.geom.Path2D.needRoom(ZI)V @ 93
Event: 76.897 Thread 0x00007ff658829000 Uncommon trap: reason=class_check action=maybe_recompile pc=0x0000000116568a48 method=com.sun.prism.impl.ps.BaseShaderContext.checkState(Lcom/sun/prism/impl/ps/BaseShaderGraphics;ILcom/sun/javafx/geom/transform/BaseTransform;Lcom/sun/prism/ps/Shader;)V @ 
Event: 77.811 Thread 0x00007ff658829000 Uncommon trap: reason=class_check action=maybe_recompile pc=0x0000000116568a48 method=com.sun.prism.impl.ps.BaseShaderContext.checkState(Lcom/sun/prism/impl/ps/BaseShaderGraphics;ILcom/sun/javafx/geom/transform/BaseTransform;Lcom/sun/prism/ps/Shader;)V @ 
Event: 78.061 Thread 0x00007ff658829000 Uncommon trap: reason=class_check action=maybe_recompile pc=0x0000000116568a48 method=com.sun.prism.impl.ps.BaseShaderContext.checkState(Lcom/sun/prism/impl/ps/BaseShaderGraphics;ILcom/sun/javafx/geom/transform/BaseTransform;Lcom/sun/prism/ps/Shader;)V @ 
Event: 80.315 Thread 0x00007ff658242000 Uncommon trap: reason=unstable_if action=reinterpret pc=0x0000000116cd120c method=javafx.scene.Node.getStyle()Ljava/lang/String; @ 4
Event: 80.345 Thread 0x00007ff658829000 Uncommon trap: reason=class_check action=maybe_recompile pc=0x0000000116568a48 method=com.sun.prism.impl.ps.BaseShaderContext.checkState(Lcom/sun/prism/impl/ps/BaseShaderGraphics;ILcom/sun/javafx/geom/transform/BaseTransform;Lcom/sun/prism/ps/Shader;)V @ 

Internal exceptions (10 events):
Event: 66.716 Thread 0x00007ff658242000 Exception <a 'java/io/FileNotFoundException'> (0x000000079678f168) thrown at [/Users/java_re/workspace/8-2-build-macosx-x86_64/jdk8u65/4987/hotspot/src/share/vm/prims/jni.cpp, line 709]
Event: 66.726 Thread 0x00007ff658242000 Exception <a 'java/io/FileNotFoundException'> (0x0000000796a059b0) thrown at [/Users/java_re/workspace/8-2-build-macosx-x86_64/jdk8u65/4987/hotspot/src/share/vm/prims/jni.cpp, line 709]
Event: 76.750 Thread 0x00007ff658242000 Exception <a 'java/lang/ArrayIndexOutOfBoundsException': 79> (0x0000000795c3cfd8) thrown at [/Users/java_re/workspace/8-2-build-macosx-x86_64/jdk8u65/4987/hotspot/src/share/vm/interpreter/interpreterRuntime.cpp, line 366]
Event: 76.750 Thread 0x00007ff658242000 Exception <a 'java/lang/ArrayIndexOutOfBoundsException': 52> (0x0000000795c3e1c0) thrown at [/Users/java_re/workspace/8-2-build-macosx-x86_64/jdk8u65/4987/hotspot/src/share/vm/interpreter/interpreterRuntime.cpp, line 366]
Event: 76.750 Thread 0x00007ff658242000 Exception <a 'java/lang/ArrayIndexOutOfBoundsException': 114> (0x0000000795cd9bb8) thrown at [/Users/java_re/workspace/8-2-build-macosx-x86_64/jdk8u65/4987/hotspot/src/share/vm/interpreter/interpreterRuntime.cpp, line 366]
Event: 76.761 Thread 0x00007ff658242000 Exception <a 'java/io/FileNotFoundException'> (0x0000000795f62990) thrown at [/Users/java_re/workspace/8-2-build-macosx-x86_64/jdk8u65/4987/hotspot/src/share/vm/prims/jni.cpp, line 709]
Event: 76.781 Thread 0x00007ff65d462000 Exception <a 'java/net/ConnectException'> (0x0000000795f5c828) thrown at [/Users/java_re/workspace/8-2-build-macosx-x86_64/jdk8u65/4987/hotspot/src/share/vm/prims/jni.cpp, line 709]
Event: 76.828 Thread 0x00007ff658242000 Implicit null exception at 0x0000000116b0d462 to 0x0000000116b0e7c9
Event: 80.294 Thread 0x00007ff658242000 Exception <a 'java/io/FileNotFoundException'> (0x0000000795b287f8) thrown at [/Users/java_re/workspace/8-2-build-macosx-x86_64/jdk8u65/4987/hotspot/src/share/vm/prims/jni.cpp, line 709]
Event: 80.295 Thread 0x00007ff65719e800 Exception <a 'java/net/ConnectException'> (0x0000000795b2c6e0) thrown at [/Users/java_re/workspace/8-2-build-macosx-x86_64/jdk8u65/4987/hotspot/src/share/vm/prims/jni.cpp, line 709]

Events (10 events):
Event: 129.542 Thread 0x00007ff657034800 flushing nmethod 0x00000001164efed0
Event: 129.542 Thread 0x00007ff657034800 flushing nmethod 0x00000001164f5190
Event: 129.542 loading class javafx/scene/paint/AnchorPane
Event: 129.542 loading class javafx/scene/paint/AnchorPane done
Event: 129.543 loading class javafx/scene/media/AnchorPane
Event: 129.543 loading class javafx/scene/media/AnchorPane done
Event: 129.543 loading class javafx/scene/image/AnchorPane
Event: 129.543 loading class javafx/scene/image/AnchorPane done
Event: 129.543 loading class javafx/geometry/AnchorPane
Event: 129.543 loading class javafx/geometry/AnchorPane done


Dynamic libraries:
0x000000000e883000 	/System/Library/Frameworks/Cocoa.framework/Versions/A/Cocoa
0x000000000e883000 	/System/Library/Frameworks/Security.framework/Versions/A/Security
0x000000000e883000 	/System/Library/Frameworks/ApplicationServices.framework/Versions/A/ApplicationServices
0x000000000e883000 	/usr/lib/libz.1.dylib
0x000000000e883000 	/usr/lib/libSystem.B.dylib
0x000000000e883000 	/usr/lib/libobjc.A.dylib
0x000000000e883000 	/System/Library/Frameworks/CoreFoundation.framework/Versions/A/CoreFoundation
0x000000000e883000 	/System/Library/Frameworks/Foundation.framework/Versions/C/Foundation
0x000000000e883000 	/System/Library/Frameworks/AppKit.framework/Versions/C/AppKit
0x000000000e883000 	/System/Library/Frameworks/CoreData.framework/Versions/A/CoreData
0x000000000e883000 	/System/Library/PrivateFrameworks/RemoteViewServices.framework/Versions/A/RemoteViewServices
0x000000000e883000 	/System/Library/PrivateFrameworks/UIFoundation.framework/Versions/A/UIFoundation
0x000000000e883000 	/System/Library/PrivateFrameworks/DFRFoundation.framework/Versions/A/DFRFoundation
0x000000000e883000 	/usr/lib/libenergytrace.dylib
0x000000000e883000 	/System/Library/PrivateFrameworks/SkyLight.framework/Versions/A/SkyLight
0x000000000e883000 	/System/Library/Frameworks/CoreGraphics.framework/Versions/A/CoreGraphics
0x000000000e883000 	/usr/lib/libScreenReader.dylib
0x000000000e883000 	/System/Library/Frameworks/Accelerate.framework/Versions/A/Accelerate
0x000000000e883000 	/System/Library/Frameworks/IOSurface.framework/Versions/A/IOSurface
0x000000000e883000 	/System/Library/Frameworks/AudioToolbox.framework/Versions/A/AudioToolbox
0x000000000e883000 	/System/Library/Frameworks/AudioUnit.framework/Versions/A/AudioUnit
0x000000000e883000 	/System/Library/PrivateFrameworks/DataDetectorsCore.framework/Versions/A/DataDetectorsCore
0x000000000e883000 	/System/Library/PrivateFrameworks/DesktopServicesPriv.framework/Versions/A/DesktopServicesPriv
0x000000000e883000 	/System/Library/Frameworks/Carbon.framework/Versions/A/Frameworks/HIToolbox.framework/Versions/A/HIToolbox
0x000000000e883000 	/usr/lib/libicucore.A.dylib
0x000000000e883000 	/System/Library/Frameworks/QuartzCore.framework/Versions/A/QuartzCore
0x000000000e883000 	/System/Library/Frameworks/Carbon.framework/Versions/A/Frameworks/SpeechRecognition.framework/Versions/A/SpeechRecognition
0x000000000e883000 	/usr/lib/libauto.dylib
0x000000000e883000 	/usr/lib/libxml2.2.dylib
0x000000000e883000 	/System/Library/PrivateFrameworks/CoreUI.framework/Versions/A/CoreUI
0x000000000e883000 	/System/Library/Frameworks/CoreAudio.framework/Versions/A/CoreAudio
0x000000000e883000 	/System/Library/Frameworks/DiskArbitration.framework/Versions/A/DiskArbitration
0x000000000e883000 	/usr/lib/liblangid.dylib
0x000000000e883000 	/System/Library/PrivateFrameworks/MultitouchSupport.framework/Versions/A/MultitouchSupport
0x000000000e883000 	/System/Library/Frameworks/IOKit.framework/Versions/A/IOKit
0x000000000e883000 	/usr/lib/libDiagnosticMessagesClient.dylib
0x000000000e883000 	/System/Library/Frameworks/CoreServices.framework/Versions/A/CoreServices
0x000000000e883000 	/System/Library/PrivateFrameworks/PerformanceAnalysis.framework/Versions/A/PerformanceAnalysis
0x000000000e883000 	/System/Library/PrivateFrameworks/GenerationalStorage.framework/Versions/A/GenerationalStorage
0x000000000e883000 	/System/Library/Frameworks/OpenGL.framework/Versions/A/OpenGL
0x000000000e883000 	/System/Library/Frameworks/CoreImage.framework/Versions/A/CoreImage
0x000000000e883000 	/System/Library/Frameworks/CoreText.framework/Versions/A/CoreText
0x000000000e883000 	/System/Library/Frameworks/ImageIO.framework/Versions/A/ImageIO
0x000000000e883000 	/System/Library/PrivateFrameworks/Backup.framework/Versions/A/Backup
0x000000000e883000 	/usr/lib/libarchive.2.dylib
0x000000000e883000 	/System/Library/Frameworks/CFNetwork.framework/Versions/A/CFNetwork
0x000000000e883000 	/System/Library/Frameworks/SystemConfiguration.framework/Versions/A/SystemConfiguration
0x000000000e883000 	/usr/lib/libCRFSuite.dylib
0x000000000e883000 	/usr/lib/libc++.1.dylib
0x000000000e883000 	/usr/lib/libc++abi.dylib
0x000000000e883000 	/usr/lib/system/libcache.dylib
0x000000000e883000 	/usr/lib/system/libcommonCrypto.dylib
0x000000000e883000 	/usr/lib/system/libcompiler_rt.dylib
0x000000000e883000 	/usr/lib/system/libcopyfile.dylib
0x000000000e883000 	/usr/lib/system/libcorecrypto.dylib
0x000000000e883000 	/usr/lib/system/libdispatch.dylib
0x000000000e883000 	/usr/lib/system/libdyld.dylib
0x000000000e883000 	/usr/lib/system/libkeymgr.dylib
0x000000000e883000 	/usr/lib/system/liblaunch.dylib
0x000000000e883000 	/usr/lib/system/libmacho.dylib
0x000000000e883000 	/usr/lib/system/libquarantine.dylib
0x000000000e883000 	/usr/lib/system/libremovefile.dylib
0x000000000e883000 	/usr/lib/system/libsystem_asl.dylib
0x000000000e883000 	/usr/lib/system/libsystem_blocks.dylib
0x000000000e883000 	/usr/lib/system/libsystem_c.dylib
0x000000000e883000 	/usr/lib/system/libsystem_configuration.dylib
0x000000000e883000 	/usr/lib/system/libsystem_coreservices.dylib
0x000000000e883000 	/usr/lib/system/libsystem_coretls.dylib
0x000000000e883000 	/usr/lib/system/libsystem_dnssd.dylib
0x000000000e883000 	/usr/lib/system/libsystem_info.dylib
0x000000000e883000 	/usr/lib/system/libsystem_kernel.dylib
0x000000000e883000 	/usr/lib/system/libsystem_m.dylib
0x000000000e883000 	/usr/lib/system/libsystem_malloc.dylib
0x000000000e883000 	/usr/lib/system/libsystem_network.dylib
0x000000000e883000 	/usr/lib/system/libsystem_networkextension.dylib
0x000000000e883000 	/usr/lib/system/libsystem_notify.dylib
0x000000000e883000 	/usr/lib/system/libsystem_platform.dylib
0x000000000e883000 	/usr/lib/system/libsystem_pthread.dylib
0x000000000e883000 	/usr/lib/system/libsystem_sandbox.dylib
0x000000000e883000 	/usr/lib/system/libsystem_secinit.dylib
0x000000000e883000 	/usr/lib/system/libsystem_symptoms.dylib
0x000000000e883000 	/usr/lib/system/libsystem_trace.dylib
0x000000000e883000 	/usr/lib/system/libunwind.dylib
0x000000000e883000 	/usr/lib/system/libxpc.dylib
0x000000000e883000 	/usr/lib/libbsm.0.dylib
0x000000000e883000 	/usr/lib/system/libkxld.dylib
0x000000000e883000 	/usr/lib/libcoretls.dylib
0x000000000e883000 	/usr/lib/libcoretls_cfhelpers.dylib
0x000000000e883000 	/usr/lib/libOpenScriptingUtil.dylib
0x000000000e883000 	/usr/lib/libpam.2.dylib
0x000000000e883000 	/usr/lib/libsqlite3.dylib
0x000000000e883000 	/usr/lib/libxar.1.dylib
0x000000000e883000 	/usr/lib/libbz2.1.0.dylib
0x000000000e883000 	/usr/lib/liblzma.5.dylib
0x000000000e883000 	/usr/lib/libnetwork.dylib
0x000000000e883000 	/usr/lib/libpcap.A.dylib
0x000000000e883000 	/System/Library/Frameworks/CoreServices.framework/Versions/A/Frameworks/FSEvents.framework/Versions/A/FSEvents
0x000000000e883000 	/System/Library/Frameworks/CoreServices.framework/Versions/A/Frameworks/CarbonCore.framework/Versions/A/CarbonCore
0x000000000e883000 	/System/Library/Frameworks/CoreServices.framework/Versions/A/Frameworks/Metadata.framework/Versions/A/Metadata
0x000000000e883000 	/System/Library/Frameworks/CoreServices.framework/Versions/A/Frameworks/OSServices.framework/Versions/A/OSServices
0x000000000e883000 	/System/Library/Frameworks/CoreServices.framework/Versions/A/Frameworks/SearchKit.framework/Versions/A/SearchKit
0x000000000e883000 	/System/Library/Frameworks/CoreServices.framework/Versions/A/Frameworks/AE.framework/Versions/A/AE
0x000000000e883000 	/System/Library/Frameworks/CoreServices.framework/Versions/A/Frameworks/LaunchServices.framework/Versions/A/LaunchServices
0x000000000e883000 	/System/Library/Frameworks/CoreServices.framework/Versions/A/Frameworks/DictionaryServices.framework/Versions/A/DictionaryServices
0x000000000e883000 	/System/Library/Frameworks/CoreServices.framework/Versions/A/Frameworks/SharedFileList.framework/Versions/A/SharedFileList
0x000000000e883000 	/System/Library/Frameworks/NetFS.framework/Versions/A/NetFS
0x000000000e883000 	/System/Library/PrivateFrameworks/NetAuth.framework/Versions/A/NetAuth
0x000000000e883000 	/System/Library/PrivateFrameworks/login.framework/Versions/A/Frameworks/loginsupport.framework/Versions/A/loginsupport
0x000000000e883000 	/System/Library/PrivateFrameworks/TCC.framework/Versions/A/TCC
0x000000000e883000 	/usr/lib/libmecabra.dylib
0x000000000e883000 	/System/Library/Frameworks/ApplicationServices.framework/Versions/A/Frameworks/ATS.framework/Versions/A/ATS
0x000000000e883000 	/System/Library/Frameworks/ApplicationServices.framework/Versions/A/Frameworks/ColorSync.framework/Versions/A/ColorSync
0x000000000e883000 	/System/Library/Frameworks/ApplicationServices.framework/Versions/A/Frameworks/HIServices.framework/Versions/A/HIServices
0x000000000e883000 	/System/Library/Frameworks/ApplicationServices.framework/Versions/A/Frameworks/LangAnalysis.framework/Versions/A/LangAnalysis
0x000000000e883000 	/System/Library/Frameworks/ApplicationServices.framework/Versions/A/Frameworks/PrintCore.framework/Versions/A/PrintCore
0x000000000e883000 	/System/Library/Frameworks/ApplicationServices.framework/Versions/A/Frameworks/QD.framework/Versions/A/QD
0x000000000e883000 	/System/Library/Frameworks/ApplicationServices.framework/Versions/A/Frameworks/SpeechSynthesis.framework/Versions/A/SpeechSynthesis
0x000000000e883000 	/System/Library/Frameworks/Accelerate.framework/Versions/A/Frameworks/vImage.framework/Versions/A/vImage
0x000000000e883000 	/System/Library/Frameworks/Accelerate.framework/Versions/A/Frameworks/vecLib.framework/Versions/A/vecLib
0x000000000e883000 	/System/Library/Frameworks/Accelerate.framework/Versions/A/Frameworks/vecLib.framework/Versions/A/libvDSP.dylib
0x000000000e883000 	/System/Library/Frameworks/Accelerate.framework/Versions/A/Frameworks/vecLib.framework/Versions/A/libBNNS.dylib
0x000000000e883000 	/System/Library/Frameworks/Accelerate.framework/Versions/A/Frameworks/vecLib.framework/Versions/A/libQuadrature.dylib
0x000000000e883000 	/System/Library/Frameworks/Accelerate.framework/Versions/A/Frameworks/vecLib.framework/Versions/A/libvMisc.dylib
0x000000000e883000 	/System/Library/Frameworks/Accelerate.framework/Versions/A/Frameworks/vecLib.framework/Versions/A/libLAPACK.dylib
0x000000000e883000 	/System/Library/Frameworks/Accelerate.framework/Versions/A/Frameworks/vecLib.framework/Versions/A/libBLAS.dylib
0x000000000e883000 	/System/Library/Frameworks/Accelerate.framework/Versions/A/Frameworks/vecLib.framework/Versions/A/libLinearAlgebra.dylib
0x000000000e883000 	/System/Library/Frameworks/Accelerate.framework/Versions/A/Frameworks/vecLib.framework/Versions/A/libSparseBLAS.dylib
0x000000000e883000 	/System/Library/Frameworks/ApplicationServices.framework/Versions/A/Frameworks/ATS.framework/Versions/A/Resources/libFontParser.dylib
0x000000000e883000 	/System/Library/Frameworks/ApplicationServices.framework/Versions/A/Frameworks/ATS.framework/Versions/A/Resources/libFontRegistry.dylib
0x000000000e883000 	/System/Library/Frameworks/ImageIO.framework/Versions/A/Resources/libJPEG.dylib
0x000000000e883000 	/System/Library/Frameworks/ImageIO.framework/Versions/A/Resources/libTIFF.dylib
0x000000000e883000 	/System/Library/Frameworks/ImageIO.framework/Versions/A/Resources/libPng.dylib
0x000000000e883000 	/System/Library/Frameworks/ImageIO.framework/Versions/A/Resources/libGIF.dylib
0x000000000e883000 	/System/Library/Frameworks/ImageIO.framework/Versions/A/Resources/libJP2.dylib
0x000000000e883000 	/System/Library/Frameworks/ImageIO.framework/Versions/A/Resources/libRadiance.dylib
0x000000000e883000 	/usr/lib/libcompression.dylib
0x000000000e883000 	/System/Library/PrivateFrameworks/AppleJPEG.framework/Versions/A/AppleJPEG
0x000000000e883000 	/usr/lib/libcups.2.dylib
0x000000000e883000 	/System/Library/Frameworks/Kerberos.framework/Versions/A/Kerberos
0x000000000e883000 	/System/Library/Frameworks/GSS.framework/Versions/A/GSS
0x000000000e883000 	/usr/lib/libresolv.9.dylib
0x000000000e883000 	/usr/lib/libiconv.2.dylib
0x000000000e883000 	/System/Library/PrivateFrameworks/Heimdal.framework/Versions/A/Heimdal
0x000000000e883000 	/usr/lib/libheimdal-asn1.dylib
0x000000000e883000 	/System/Library/Frameworks/OpenDirectory.framework/Versions/A/OpenDirectory
0x000000000e883000 	/System/Library/PrivateFrameworks/CommonAuth.framework/Versions/A/CommonAuth
0x000000000e883000 	/System/Library/Frameworks/OpenDirectory.framework/Versions/A/Frameworks/CFOpenDirectory.framework/Versions/A/CFOpenDirectory
0x000000000e883000 	/System/Library/Frameworks/SecurityFoundation.framework/Versions/A/SecurityFoundation
0x000000000e883000 	/System/Library/PrivateFrameworks/LanguageModeling.framework/Versions/A/LanguageModeling
0x000000000e883000 	/usr/lib/libmarisa.dylib
0x000000000e883000 	/usr/lib/libChineseTokenizer.dylib
0x000000000e883000 	/usr/lib/libcmph.dylib
0x000000000e883000 	/System/Library/PrivateFrameworks/CoreEmoji.framework/Versions/A/CoreEmoji
0x000000000e883000 	/System/Library/Frameworks/ServiceManagement.framework/Versions/A/ServiceManagement
0x000000000e883000 	/usr/lib/libxslt.1.dylib
0x000000000e883000 	/System/Library/Frameworks/Carbon.framework/Versions/A/Frameworks/Ink.framework/Versions/A/Ink
0x000000000e883000 	/System/Library/PrivateFrameworks/TextureIO.framework/Versions/A/TextureIO
0x000000000e883000 	/System/Library/Frameworks/Metal.framework/Versions/A/Metal
0x000000000e883000 	/usr/lib/libate.dylib
0x000000000e883000 	/System/Library/PrivateFrameworks/GPUCompiler.framework/libmetal_timestamp.dylib
0x000000000e883000 	/System/Library/Frameworks/OpenGL.framework/Versions/A/Libraries/libCoreFSCache.dylib
0x000000000e883000 	/System/Library/PrivateFrameworks/IOAccelerator.framework/Versions/A/IOAccelerator
0x000000000e883000 	/System/Library/Frameworks/CoreVideo.framework/Versions/A/CoreVideo
0x000000000e883000 	/usr/lib/libFosl_dynamic.dylib
0x000000000e883000 	/System/Library/PrivateFrameworks/MetalPerformanceShaders.framework/Versions/A/MetalPerformanceShaders
0x000000000e883000 	/System/Library/PrivateFrameworks/FaceCore.framework/Versions/A/FaceCore
0x000000000e883000 	/System/Library/Frameworks/OpenCL.framework/Versions/A/OpenCL
0x000000000e883000 	/System/Library/Frameworks/OpenGL.framework/Versions/A/Libraries/libGLU.dylib
0x000000000e883000 	/System/Library/Frameworks/OpenGL.framework/Versions/A/Libraries/libGFXShared.dylib
0x000000000e883000 	/System/Library/Frameworks/OpenGL.framework/Versions/A/Libraries/libGL.dylib
0x000000000e883000 	/System/Library/Frameworks/OpenGL.framework/Versions/A/Libraries/libGLImage.dylib
0x000000000e883000 	/System/Library/Frameworks/OpenGL.framework/Versions/A/Libraries/libCVMSPluginSupport.dylib
0x000000000e883000 	/System/Library/Frameworks/OpenGL.framework/Versions/A/Libraries/libCoreVMClient.dylib
0x000000000e883000 	/System/Library/PrivateFrameworks/CrashReporterSupport.framework/Versions/A/CrashReporterSupport
0x000000000e883000 	/System/Library/PrivateFrameworks/Sharing.framework/Versions/A/Sharing
0x000000000e883000 	/System/Library/PrivateFrameworks/IconServices.framework/Versions/A/IconServices
0x000000000e883000 	/System/Library/PrivateFrameworks/ProtocolBuffer.framework/Versions/A/ProtocolBuffer
0x000000000e883000 	/System/Library/PrivateFrameworks/Apple80211.framework/Versions/A/Apple80211
0x000000000e883000 	/System/Library/Frameworks/CoreWLAN.framework/Versions/A/CoreWLAN
0x000000000e883000 	/System/Library/PrivateFrameworks/CoreUtils.framework/Versions/A/CoreUtils
0x000000000e883000 	/System/Library/Frameworks/IOBluetooth.framework/Versions/A/IOBluetooth
0x000000000e883000 	/System/Library/PrivateFrameworks/CoreWiFi.framework/Versions/A/CoreWiFi
0x000000000e883000 	/System/Library/Frameworks/CoreBluetooth.framework/Versions/A/CoreBluetooth
0x000000000e883000 	/System/Library/Frameworks/CoreDisplay.framework/Versions/A/CoreDisplay
0x000000000e883000 	/System/Library/PrivateFrameworks/IOPresentment.framework/Versions/A/IOPresentment
0x000000000e883000 	/System/Library/PrivateFrameworks/DSExternalDisplay.framework/Versions/A/DSExternalDisplay
0x000000000e883000 	/System/Library/PrivateFrameworks/DebugSymbols.framework/Versions/A/DebugSymbols
0x000000000e883000 	/System/Library/PrivateFrameworks/CoreSymbolication.framework/Versions/A/CoreSymbolication
0x000000000e883000 	/System/Library/PrivateFrameworks/Symbolication.framework/Versions/A/Symbolication
0x000000000e883000 	/System/Library/PrivateFrameworks/AppleFSCompression.framework/Versions/A/AppleFSCompression
0x000000000e883000 	/System/Library/PrivateFrameworks/SpeechRecognitionCore.framework/Versions/A/SpeechRecognitionCore
0x000000000e883000 	/System/Library/PrivateFrameworks/ChunkingLibrary.framework/Versions/A/ChunkingLibrary
0x000000010e600000 	/Library/Java/JavaVirtualMachines/jdk1.8.0_65.jdk/Contents/Home/jre/lib/server/libjvm.dylib
0x000000000e883000 	/usr/lib/libstdc++.6.dylib
0x000000010dc0c000 	/Library/Java/JavaVirtualMachines/jdk1.8.0_65.jdk/Contents/Home/jre/lib/libverify.dylib
0x000000010dc1a000 	/Library/Java/JavaVirtualMachines/jdk1.8.0_65.jdk/Contents/Home/jre/lib/libjava.dylib
0x000000010dc59000 	/Library/Java/JavaVirtualMachines/jdk1.8.0_65.jdk/Contents/Home/jre/lib/libzip.dylib
0x0000000115d59000 	/System/Library/Frameworks/JavaVM.framework/Frameworks/JavaRuntimeSupport.framework/JavaRuntimeSupport
0x0000000115d73000 	/System/Library/Frameworks/JavaVM.framework/Versions/A/Frameworks/JavaNativeFoundation.framework/Versions/A/JavaNativeFoundation
0x0000000115d88000 	/System/Library/Frameworks/JavaVM.framework/Versions/A/JavaVM
0x000000000e883000 	/System/Library/Frameworks/Carbon.framework/Versions/A/Carbon
0x0000000115d95000 	/System/Library/PrivateFrameworks/JavaLaunching.framework/Versions/A/JavaLaunching
0x000000000e883000 	/System/Library/Frameworks/Carbon.framework/Versions/A/Frameworks/CommonPanels.framework/Versions/A/CommonPanels
0x000000000e883000 	/System/Library/Frameworks/Carbon.framework/Versions/A/Frameworks/Help.framework/Versions/A/Help
0x000000000e883000 	/System/Library/Frameworks/Carbon.framework/Versions/A/Frameworks/ImageCapture.framework/Versions/A/ImageCapture
0x000000000e883000 	/System/Library/Frameworks/Carbon.framework/Versions/A/Frameworks/OpenScripting.framework/Versions/A/OpenScripting
0x000000000e883000 	/System/Library/Frameworks/Carbon.framework/Versions/A/Frameworks/Print.framework/Versions/A/Print
0x000000000e883000 	/System/Library/Frameworks/Carbon.framework/Versions/A/Frameworks/SecurityHI.framework/Versions/A/SecurityHI
0x0000000115e77000 	/Library/Java/JavaVirtualMachines/jdk1.8.0_65.jdk/Contents/Home/jre/lib/libprism_es2.dylib
0x0000000115edc000 	/System/Library/Frameworks/OpenGL.framework/Resources/GLEngine.bundle/GLEngine
0x000000000e883000 	/System/Library/Frameworks/OpenGL.framework/Versions/A/Libraries/libGLProgrammability.dylib
0x0000000126a12000 	/System/Library/Extensions/AppleIntelHD5000GraphicsGLDriver.bundle/Contents/MacOS/AppleIntelHD5000GraphicsGLDriver
0x000000000e883000 	/System/Library/PrivateFrameworks/GPUSupport.framework/Versions/A/Libraries/libGPUSupportMercury.dylib
0x0000000127180000 	/System/Library/Frameworks/OpenGL.framework/Resources//GLRendererFloat.bundle/GLRendererFloat
0x000000000e883000 	/System/Library/Frameworks/OpenCL.framework/Versions/A/Libraries/libcldcpuengine.dylib
0x000000000e883000 	/usr/lib/libcrypto.0.9.8.dylib
0x000000000e883000 	/System/Library/PrivateFrameworks/TrustEvaluationAgent.framework/Versions/A/TrustEvaluationAgent
0x00000001275e0000 	/Library/Java/JavaVirtualMachines/jdk1.8.0_65.jdk/Contents/Home/jre/lib/libglass.dylib
0x000000000e883000 	/System/Library/PrivateFrameworks/CoreServicesInternal.framework/Versions/A/CoreServicesInternal
0x000000000e883000 	/System/Library/CoreServices/RawCamera.bundle/Contents/MacOS/RawCamera
0x000000000e883000 	/System/Library/Frameworks/Accelerate.framework/Versions/A/Frameworks/vImage.framework/Versions/A/Libraries/libCGInterfaces.dylib
0x000000000e883000 	/System/Library/PrivateFrameworks/FamilyControls.framework/Versions/A/FamilyControls
0x000000000e883000 	/System/Library/PrivateFrameworks/CommerceKit.framework/Versions/A/Frameworks/CommerceCore.framework/Versions/A/CommerceCore
0x000000000e883000 	/System/Library/PrivateFrameworks/SystemAdministration.framework/Versions/A/SystemAdministration
0x000000000e883000 	/System/Library/PrivateFrameworks/AppContainer.framework/Versions/A/AppContainer
0x000000000e883000 	/System/Library/PrivateFrameworks/SecCodeWrapper.framework/Versions/A/SecCodeWrapper
0x000000000e883000 	/System/Library/Frameworks/DirectoryService.framework/Versions/A/DirectoryService
0x000000000e883000 	/System/Library/PrivateFrameworks/DiskImages.framework/Versions/A/DiskImages
0x000000000e883000 	/System/Library/PrivateFrameworks/LoginUIKit.framework/Versions/A/Frameworks/LoginUICore.framework/Versions/A/LoginUICore
0x000000000e883000 	/usr/lib/libCoreStorage.dylib
0x000000000e883000 	/usr/lib/libcsfde.dylib
0x000000000e883000 	/usr/lib/libodfde.dylib
0x000000000e883000 	/System/Library/Frameworks/DiscRecording.framework/Versions/A/DiscRecording
0x000000000e883000 	/usr/lib/libcurl.4.dylib
0x000000000e883000 	/System/Library/PrivateFrameworks/MediaKit.framework/Versions/A/MediaKit
0x000000000e883000 	/System/Library/PrivateFrameworks/ProtectedCloudStorage.framework/Versions/A/ProtectedCloudStorage
0x000000000e883000 	/System/Library/PrivateFrameworks/EFILogin.framework/Versions/A/EFILogin
0x000000000e883000 	/usr/lib/libutil.dylib
0x000000000e883000 	/System/Library/Frameworks/LDAP.framework/Versions/A/LDAP
0x000000000e883000 	/usr/lib/libsasl2.2.dylib
0x000000000e883000 	/System/Library/PrivateFrameworks/CoreDaemon.framework/Versions/B/CoreDaemon
0x000000000e883000 	/System/Library/PrivateFrameworks/AppleSRP.framework/Versions/A/AppleSRP
0x000000000e883000 	/System/Library/PrivateFrameworks/APFS.framework/Versions/A/APFS
0x000000012a834000 	/Library/Java/JavaVirtualMachines/jdk1.8.0_65.jdk/Contents/Home/jre/lib/libjavafx_font.dylib
0x000000012b590000 	/Library/Java/JavaVirtualMachines/jdk1.8.0_65.jdk/Contents/Home/jre/lib/libjavafx_iio.dylib
0x000000000e883000 	/System/Library/Frameworks/ApplicationServices.framework/Versions/A/Frameworks/ATS.framework/Versions/A/Resources/libTrueTypeScaler.dylib
0x0000000131907000 	/System/Library/Extensions/AppleIntelHD5000GraphicsMTLDriver.bundle/Contents/MacOS/AppleIntelHD5000GraphicsMTLDriver
0x000000000e883000 	/System/Library/PrivateFrameworks/ViewBridge.framework/Versions/A/ViewBridge
0x000000000e883000 	/System/Library/PrivateFrameworks/XPCService.framework/Versions/A/XPCService
0x000000000e883000 	/System/Library/PrivateFrameworks/AppSandbox.framework/Versions/A/AppSandbox
0x000000000e883000 	/usr/lib/libsandbox.1.dylib
0x000000000e883000 	/usr/lib/libMatch.1.dylib
0x000000013467f000 	/Library/Java/JavaVirtualMachines/jdk1.8.0_65.jdk/Contents/Home/jre/lib/libprism_common.dylib
0x0000000133b17000 	/Library/Java/JavaVirtualMachines/jdk1.8.0_65.jdk/Contents/Home/jre/lib/libglib-lite.dylib
0x0000000133c38000 	/Library/Java/JavaVirtualMachines/jdk1.8.0_65.jdk/Contents/Home/jre/lib/libgstreamer-lite.dylib
0x0000000131af7000 	/Library/Java/JavaVirtualMachines/jdk1.8.0_65.jdk/Contents/Home/jre/lib/libjfxmedia.dylib
0x0000000131b32000 	/Library/Java/JavaVirtualMachines/jdk1.8.0_65.jdk/Contents/Home/jre/lib/libjfxmedia_avf.dylib
0x000000000e883000 	/System/Library/Frameworks/AVFoundation.framework/Versions/A/AVFoundation
0x000000000e883000 	/System/Library/Frameworks/CoreMedia.framework/Versions/A/CoreMedia
0x000000000e883000 	/System/Library/Frameworks/MediaToolbox.framework/Versions/A/MediaToolbox
0x000000000e883000 	/System/Library/Frameworks/AVFoundation.framework/Versions/A/Frameworks/AVFAudio.framework/Versions/A/AVFAudio
0x000000000e883000 	/System/Library/Frameworks/VideoToolbox.framework/Versions/A/VideoToolbox
0x000000000e883000 	/System/Library/PrivateFrameworks/IntlPreferences.framework/Versions/A/IntlPreferences
0x000000000e883000 	/System/Library/Frameworks/CoreMediaIO.framework/Versions/A/CoreMediaIO
0x000000000e883000 	/usr/lib/libspindump.dylib
0x000000000e883000 	/usr/lib/libdscsym.dylib
0x000000000e883000 	/System/Library/PrivateFrameworks/CoreAVCHD.framework/Versions/A/CoreAVCHD
0x000000000e883000 	/System/Library/Frameworks/MediaAccessibility.framework/Versions/A/MediaAccessibility
0x000000000e883000 	/System/Library/PrivateFrameworks/Mangrove.framework/Versions/A/Mangrove
0x000000000e883000 	/System/Library/PrivateFrameworks/CoreAUC.framework/Versions/A/CoreAUC
0x000000000e883000 	/System/Library/PrivateFrameworks/AppleVA.framework/Versions/A/AppleVA
0x0000000127908000 	/Library/Java/JavaVirtualMachines/jdk1.8.0_65.jdk/Contents/Home/jre/lib/libjfxmedia_qtkit.dylib
0x000000000e883000 	/System/Library/Frameworks/QTKit.framework/Versions/A/QTKit
0x000000000e883000 	/System/Library/PrivateFrameworks/CoreMediaAuthoring.framework/Versions/A/CoreMediaAuthoring
0x000000012a601000 	/Library/Java/JavaVirtualMachines/jdk1.8.0_65.jdk/Contents/Home/jre/lib/libnet.dylib
0x000000012a618000 	/Library/Java/JavaVirtualMachines/jdk1.8.0_65.jdk/Contents/Home/jre/lib/libnio.dylib
0x0000000131b67000 	/Library/Java/JavaVirtualMachines/jdk1.8.0_65.jdk/Contents/Home/jre/lib/libfxplugins.dylib
0x0000000127927000 	/System/Library/Frameworks/VideoDecodeAcceleration.framework/Versions/A/VideoDecodeAcceleration
0x000000012a628000 	/System/Library/Extensions/AppleHDA.kext/Contents/PlugIns/AppleHDAHALPlugIn.bundle/Contents/MacOS/AppleHDAHALPlugIn
0x0000000136d1c000 	/System/Library/Components/CoreAudio.component/Contents/MacOS/CoreAudio
0x0000000136f1a000 	/System/Library/Components/AudioCodecs.component/Contents/MacOS/AudioCodecs
0x000000000e883000 	/System/Library/PrivateFrameworks/AppleGVA.framework/Versions/A/AppleGVA
0x0000000137c51000 	/System/Library/Extensions/AppleIntelHD5000GraphicsVADriver.bundle/Contents/MacOS/AppleIntelHD5000GraphicsVADriver
0x00000001318f1000 	/System/Library/Extensions/AppleIntelHSWVA.bundle/Contents/MacOS/AppleIntelHSWVA

VM Arguments:
jvm_args: -Dfile.encoding=UTF-8 
java_command: mainDisplay.securitydisplay.AppMain
java_class_path (initial): /Users/PrayAnne/NetBeansProjects/TeamRepositroy/SecurityDisplay_Main/build/classes
Launcher Type: SUN_STANDARD

Environment Variables:
PATH=/usr/bin:/bin:/usr/sbin:/sbin
LD_LIBRARY_PATH=/Library/Java/JavaVirtualMachines/jdk1.8.0_65.jdk/Contents/Home/jre/lib/amd64:/Library/Java/JavaVirtualMachines/jdk1.8.0_65.jdk/Contents/Home/jre/lib/i386:
SHELL=/bin/bash
DISPLAY=/private/tmp/com.apple.launchd.92oyIzSN7k/org.macosforge.xquartz:0

Signal Handlers:
SIGSEGV: [libjvm.dylib+0x5a6d31], sa_mask[0]=11111111011111110111111111111111, sa_flags=SA_ONSTACK|SA_RESTART|SA_SIGINFO
SIGBUS: [libjvm.dylib+0x5a6d31], sa_mask[0]=11111111011111110111111111111111, sa_flags=SA_RESTART|SA_SIGINFO
SIGFPE: [libjvm.dylib+0x480a40], sa_mask[0]=11111111011111110111111111111111, sa_flags=SA_RESTART|SA_SIGINFO
SIGPIPE: [libjvm.dylib+0x480a40], sa_mask[0]=11111111011111110111111111111111, sa_flags=SA_RESTART|SA_SIGINFO
SIGXFSZ: [libjvm.dylib+0x480a40], sa_mask[0]=11111111011111110111111111111111, sa_flags=SA_RESTART|SA_SIGINFO
SIGILL: [libjvm.dylib+0x480a40], sa_mask[0]=11111111011111110111111111111111, sa_flags=SA_RESTART|SA_SIGINFO
SIGUSR1: SIG_DFL, sa_mask[0]=00000000000000000000000000000000, sa_flags=none
SIGUSR2: [libjvm.dylib+0x48055e], sa_mask[0]=00100000000000000000000000000000, sa_flags=SA_RESTART|SA_SIGINFO
SIGHUP: [libjvm.dylib+0x47eb35], sa_mask[0]=11111111011111110111111111111111, sa_flags=SA_RESTART|SA_SIGINFO
SIGINT: SIG_IGN, sa_mask[0]=00000000000000000000000000000000, sa_flags=none
SIGTERM: [libjvm.dylib+0x47eb35], sa_mask[0]=11111111011111110111111111111111, sa_flags=SA_RESTART|SA_SIGINFO
SIGQUIT: [libjvm.dylib+0x47eb35], sa_mask[0]=11111111011111110111111111111111, sa_flags=SA_RESTART|SA_SIGINFO


---------------  S Y S T E M  ---------------

OS:Bsduname:Darwin 16.5.0 Darwin Kernel Version 16.5.0: Fri Mar  3 16:52:33 PST 2017; root:xnu-3789.51.2~3/RELEASE_X86_64 x86_64
rlimit: STACK 8192k, CORE 0k, NPROC 709, NOFILE 10240, AS infinity
load average:2.33 2.42 2.31

CPU:total 4 (2 cores per cpu, 2 threads per core) family 6 model 69 stepping 1, cmov, cx8, fxsr, mmx, sse, sse2, sse3, ssse3, sse4.1, sse4.2, popcnt, avx, avx2, aes, clmul, erms, lzcnt, ht, tsc, tscinvbit, bmi1, bmi2

Memory: 4k page, physical 8388608k(41008k free)

/proc/meminfo:


vm_info: Java HotSpot(TM) 64-Bit Server VM (25.65-b01) for bsd-amd64 JRE (1.8.0_65-b17), built on Oct  6 2015 15:36:46 by "java_re" with gcc 4.2.1 (Based on Apple Inc. build 5658) (LLVM build 2336.11.00)

time: Mon May 15 06:19:31 2017
elapsed time: 129 seconds (0d 0h 2m 9s)

