#
# A fatal error has been detected by the Java Runtime Environment:
#
#  SIGSEGV (0xb) at pc=0x000000011e6ef89e, pid=94384, tid=131363
#
# JRE version: Java(TM) SE Runtime Environment (8.0_65-b17) (build 1.8.0_65-b17)
# Java VM: Java HotSpot(TM) 64-Bit Server VM (25.65-b01 mixed mode bsd-amd64 compressed oops)
# Problematic frame:
# C  [libjfxmedia_avf.dylib+0x789e]  _ZN18AVFKernelComponent18ProcessBufferListsERjRK15AudioBufferListRS1_j+0x22
#
# Failed to write core dump. Core dumps have been disabled. To enable core dumping, try "ulimit -c unlimited" before starting Java again
#
# If you would like to submit a bug report, please visit:
#   http://bugreport.java.com/bugreport/crash.jsp
#

---------------  T H R E A D  ---------------

Current thread is native thread

siginfo: si_signo: 11 (SIGSEGV), si_code: 0 (unknown), si_addr: 0x0000000000000000

Registers:
RAX=0x800007f94cbe95eb, RBX=0x000070000f3bca54, RCX=0x00007f94cbebc310, RDX=0x00007f94cbebc340
RSP=0x000070000f3bc7a0, RBP=0x000070000f3bc7a0, RSI=0x000070000f3bca54, RDI=0x00007f94cbeb8660
R8 =0x0000000000001000, R9 =0x000070000f3bc5b7, R10=0x000000011e70a290, R11=0xffffffffffffffd0
R12=0x00007f94c957de00, R13=0x00007f94cbebc340, R14=0x000000011e6ef87c, R15=0x0000000000001000
RIP=0x000000011e6ef89e, EFLAGS=0x0000000000010206, ERR=0x0000000000000000
  TRAPNO=0x000000000000000d

Top of Stack: (sp=0x000070000f3bc7a0)
0x000070000f3bc7a0:   000070000f3bc800 000000011e6f8af2
0x000070000f3bc7b0:   0000000000000000 000070000f3bca54
0x000070000f3bc7c0:   0000000000000000 0000000000000000
0x000070000f3bc7d0:   0000000000000000 000070000f3bca54
0x000070000f3bc7e0:   00007f94c957de00 00007f94cbebc250
0x000070000f3bc7f0:   00007f94cbe86c10 0000000000001000
0x000070000f3bc800:   000070000f3bc850 000000011e6f33a9
0x000070000f3bc810:   0000000000000000 000070000f3bca78
0x000070000f3bc820:   0000000000000000 0000000000009fe0
0x000070000f3bc830:   00007f94cbebc250 00000000ffffffce
0x000070000f3bc840:   0000000000001000 00007f94c957de00
0x000070000f3bc850:   000070000f3bc8c0 000000011e6f19e1
0x000070000f3bc860:   00007f94cbe86c10 00009fe0c8523257
0x000070000f3bc870:   000070000f3bca54 000070000f3bca78
0x000070000f3bc880:   000000000f3bc8e0 00007f94cbe86c10
0x000070000f3bc890:   00009fe000000000 00000000ffffffce
0x000070000f3bc8a0:   000070000f3bca54 0000000000000000
0x000070000f3bc8b0:   0000000000001000 000070000f3bca78
0x000070000f3bc8c0:   000070000f3bc8e0 000000011e6f59d6
0x000070000f3bc8d0:   00000000fffffffc 00007f94c9401780
0x000070000f3bc8e0:   000070000f3bc920 000000011e6f47b7
0x000070000f3bc8f0:   00007f94c9401780 000070000f3bca78
0x000070000f3bc900:   00007f94c94015a0 00000000ffffd584
0x000070000f3bc910:   000070000f3bca54 0000000000001000
0x000070000f3bc920:   000070000f3bc980 000000011e6f8930
0x000070000f3bc930:   0000000000000000 000070000f3bca54
0x000070000f3bc940:   0000000000000000 0000000000000000
0x000070000f3bc950:   0000000000000000 000070000f3bca54
0x000070000f3bc960:   00007f94c94015a0 00007f94cbe86850
0x000070000f3bc970:   00007f94cbe819d8 0000000000001000
0x000070000f3bc980:   000070000f3bc9d0 000000011e6f33a9
0x000070000f3bc990:   0000000000000000 000070000f3bca78 

Instructions: (pc=0x000000011e6ef89e)
0x000000011e6ef87e:   89 e5 80 bf d0 01 00 00 00 74 06 5d e9 bf 92 00
0x000000011e6ef88e:   00 48 8b bf d8 01 00 00 48 85 ff 74 0a 48 8b 07
0x000000011e6ef89e:   48 8b 40 28 5d ff e0 31 c0 5d c3 90 55 48 89 e5
0x000000011e6ef8ae:   41 57 41 56 41 55 41 54 53 50 4d 89 c6 41 89 d5 

Register to memory mapping:

RAX=0x800007f94cbe95eb is an unknown value
RBX=0x000070000f3bca54 is an unknown value
RCX=0x00007f94cbebc310 is an unknown value
RDX=0x00007f94cbebc340 is an unknown value
RSP=0x000070000f3bc7a0 is an unknown value
RBP=0x000070000f3bc7a0 is an unknown value
RSI=0x000070000f3bca54 is an unknown value
RDI=0x00007f94cbeb8660 is an unknown value
R8 =0x0000000000001000 is an unknown value
R9 =0x000070000f3bc5b7 is an unknown value
R10=0x000000011e70a290: _ZTV18AVFEqualizerKernel+0x10 in /Library/Java/JavaVirtualMachines/jdk1.8.0_65.jdk/Contents/Home/jre/lib/libjfxmedia_avf.dylib at 0x000000011e6e8000
R11=0xffffffffffffffd0 is an unknown value
R12=0x00007f94c957de00 is an unknown value
R13=0x00007f94cbebc340 is an unknown value
R14=0x000000011e6ef87c: _ZN18AVFKernelComponent18ProcessBufferListsERjRK15AudioBufferListRS1_j+0 in /Library/Java/JavaVirtualMachines/jdk1.8.0_65.jdk/Contents/Home/jre/lib/libjfxmedia_avf.dylib at 0x000000011e6e8000
R15=0x0000000000001000 is an unknown value


Stack: [0x000070000f33d000,0x000070000f3bd000],  sp=0x000070000f3bc7a0,  free space=509k
Native frames: (J=compiled Java code, j=interpreted, Vv=VM code, C=native code)
C  [libjfxmedia_avf.dylib+0x789e]  _ZN18AVFKernelComponent18ProcessBufferListsERjRK15AudioBufferListRS1_j+0x22
C  [libjfxmedia_avf.dylib+0x10af2]  _ZN12AUEffectBase6RenderERjRK14AudioTimeStampj+0x240
C  [libjfxmedia_avf.dylib+0xb3a9]  _ZN6AUBase11DoRenderBusERjRK14AudioTimeStampjP15AUOutputElementjR15AudioBufferList+0xa9
C  [libjfxmedia_avf.dylib+0x99e1]  _ZN6AUBase8DoRenderERjRK14AudioTimeStampjjR15AudioBufferList+0x1b9
C  [libjfxmedia_avf.dylib+0xd9d6]  _ZL14AUMethodRenderPvPjPK14AudioTimeStampjjP15AudioBufferList+0x2e
C  [libjfxmedia_avf.dylib+0xc7b7]  _ZN14AUInputElement9PullInputERjRK14AudioTimeStampjj+0x8d
C  [libjfxmedia_avf.dylib+0x10930]  _ZN12AUEffectBase6RenderERjRK14AudioTimeStampj+0x7e
C  [libjfxmedia_avf.dylib+0xb3a9]  _ZN6AUBase11DoRenderBusERjRK14AudioTimeStampjP15AUOutputElementjR15AudioBufferList+0xa9
C  [libjfxmedia_avf.dylib+0x99e1]  _ZN6AUBase8DoRenderERjRK14AudioTimeStampjjR15AudioBufferList+0x1b9
C  [libjfxmedia_avf.dylib+0xd9d6]  _ZL14AUMethodRenderPvPjPK14AudioTimeStampjjP15AudioBufferList+0x2e
C  [libjfxmedia_avf.dylib+0x54f1]  _ZL15ProcessAudioTapPKvljP15AudioBufferListPlPj+0x63
C  [MediaToolbox+0x37140d]  MTAudioProcessingTapGetSourceAudio+0x852
C  [AudioToolbox+0xe4229]  _Z25AQClientCallProcessingTapPvjP14AudioTimeStampPjS2_P15AudioBufferListidjdjPKhj+0x5d
C  [AudioToolbox+0x16af0e]  _ZN15AQProcessingTap9DoCalloutERjR14AudioTimeStampS0_R15AudioBufferList+0xbc
C  [AudioToolbox+0x16ad0d]  _ZN16AudioQueueObject18PerformTapInternalER14AudioTimeStampRjS2_+0x85
C  [AudioToolbox+0x16ac13]  _ZN16AudioQueueObject20PerformProcessingTapEPFiPvRjRK14AudioTimeStampjR15AudioBufferListRdS1_ES0_RS2_S1_S6_S1_+0xc5
C  [AudioToolbox+0x176227]  _ZN14MEMixerChannel13TapDownstreamEPvPjPK14AudioTimeStampjjP15AudioBufferList+0x81
C  [CoreAudio+0x10cea5]  _ZN14AUInputElement9PullInputERjRK14AudioTimeStampjj+0xb9
C  [CoreAudio+0x5f524]  _ZN18AUDeferredRenderer7ProduceEv+0x240
C  [CoreAudio+0x5f25b]  _ZN18AUDeferredRenderer18ProducerThreadProcEv+0x31
C  [CoreAudio+0x5ec5b]  _ZN18AUDeferredRenderer18ProducerThreadProcEPv+0x1f
C  [CoreAudio+0x123695]  _ZN9CAPThread5EntryEPS_+0x55
C  [libsystem_pthread.dylib+0x39af]  _pthread_body+0xb4
C  [libsystem_pthread.dylib+0x38fb]  _pthread_body+0x0
C  [libsystem_pthread.dylib+0x3101]  thread_start+0xd


---------------  P R O C E S S  ---------------

VM state:at safepoint (normal execution)

VM Mutex/Monitor currently owned by a thread:  ([mutex/lock_event])
[0x00007f94c940bf40] Threads_lock - owner thread: 0x00007f94c9808000
[0x00007f94c940c440] Heap_lock - owner thread: 0x00007f94d1045800

Heap:
 PSYoungGen      total 26112K, used 9763K [0x0000000795580000, 0x0000000797e80000, 0x00000007c0000000)
  eden space 25600K, 37% used [0x0000000795580000,0x0000000795ef8de8,0x0000000796e80000)
  from space 512K, 12% used [0x0000000796f00000,0x0000000796f10000,0x0000000796f80000)
  to   space 8192K, 0% used [0x0000000797680000,0x0000000797680000,0x0000000797e80000)
 ParOldGen       total 87552K, used 10528K [0x0000000740000000, 0x0000000745580000, 0x0000000795580000)
  object space 87552K, 12% used [0x0000000740000000,0x0000000740a481e8,0x0000000745580000)
 Metaspace       used 19673K, capacity 20808K, committed 20992K, reserved 1067008K
  class space    used 2746K, capacity 3005K, committed 3072K, reserved 1048576K

Card table byte_map: [0x0000000106749000,0x0000000106b4a000] byte_map_base: 0x0000000102d49000

Marking Bits: (ParMarkBitMap*) 0x0000000105cdee20
 Begin Bits: [0x0000000106df5000, 0x0000000108df5000)
 End Bits:   [0x0000000108df5000, 0x000000010adf5000)

Polling page: 0x0000000104b9c000

CodeCache: size=245760Kb used=8450Kb max_used=8454Kb free=237309Kb
 bounds [0x000000010ba2c000, 0x000000010c27c000, 0x000000011aa2c000]
 total_blobs=3435 nmethods=2755 adapters=593
 compilation: enabled

Compilation events (10 events):
Event: 39.133 Thread 0x00007f94ca09a800 3066       3       java.lang.invoke.MethodType::changeReturnType (20 bytes)
Event: 39.133 Thread 0x00007f94ca09a800 nmethod 3066 0x000000010bd4a390 code [0x000000010bd4a500, 0x000000010bd4a788]
Event: 39.133 Thread 0x00007f94ca09a800 3067       3       java.lang.Class::copyConstructors (38 bytes)
Event: 39.134 Thread 0x00007f94ca09a800 nmethod 3067 0x000000010c276190 code [0x000000010c2763a0, 0x000000010c276e88]
Event: 39.134 Thread 0x00007f94ca09a800 3068       3       java.util.HashSet::size (8 bytes)
Event: 39.135 Thread 0x00007f94ca09a800 nmethod 3068 0x000000010c275d90 code [0x000000010c275f00, 0x000000010c2760f0]
Event: 39.471 Thread 0x00007f94ca09a800 3070       1       com.sun.media.jfxmediaimpl.NativeMediaPlayer::access$2900 (5 bytes)
Event: 39.471 Thread 0x00007f94ca09a800 nmethod 3070 0x000000010bb48e50 code [0x000000010bb48fa0, 0x000000010bb49090]
Event: 39.472 Thread 0x00007f94ca09a800 3069       1       com.sun.media.jfxmediaimpl.platform.osx.OSXMediaPlayer::getAudioSpectrum (5 bytes)
Event: 39.472 Thread 0x00007f94ca09a800 nmethod 3069 0x000000010bb48b10 code [0x000000010bb48c60, 0x000000010bb48d70]

GC Heap History (10 events):
Event: 34.847 GC heap before
{Heap before GC invocations=15 (full 0):
 PSYoungGen      total 36864K, used 28320K [0x0000000795580000, 0x0000000798400000, 0x00000007c0000000)
  eden space 28160K, 100% used [0x0000000795580000,0x0000000797100000,0x0000000797100000)
  from space 8704K, 1% used [0x0000000797b80000,0x0000000797ba8000,0x0000000798400000)
  to   space 9728K, 0% used [0x0000000797100000,0x0000000797100000,0x0000000797a80000)
 ParOldGen       total 87552K, used 10352K [0x0000000740000000, 0x0000000745580000, 0x0000000795580000)
  object space 87552K, 11% used [0x0000000740000000,0x0000000740a1c1e8,0x0000000745580000)
 Metaspace       used 19534K, capacity 20630K, committed 20736K, reserved 1067008K
  class space    used 2737K, capacity 2994K, committed 3072K, reserved 1048576K
Event: 34.848 GC heap after
Heap after GC invocations=15 (full 0):
 PSYoungGen      total 28160K, used 160K [0x0000000795580000, 0x0000000798380000, 0x00000007c0000000)
  eden space 27648K, 0% used [0x0000000795580000,0x0000000795580000,0x0000000797080000)
  from space 512K, 31% used [0x0000000797100000,0x0000000797128000,0x0000000797180000)
  to   space 9728K, 0% used [0x0000000797a00000,0x0000000797a00000,0x0000000798380000)
 ParOldGen       total 87552K, used 10384K [0x0000000740000000, 0x0000000745580000, 0x0000000795580000)
  object space 87552K, 11% used [0x0000000740000000,0x0000000740a241e8,0x0000000745580000)
 Metaspace       used 19534K, capacity 20630K, committed 20736K, reserved 1067008K
  class space    used 2737K, capacity 2994K, committed 3072K, reserved 1048576K
}
Event: 35.469 GC heap before
{Heap before GC invocations=16 (full 0):
 PSYoungGen      total 28160K, used 27808K [0x0000000795580000, 0x0000000798380000, 0x00000007c0000000)
  eden space 27648K, 100% used [0x0000000795580000,0x0000000797080000,0x0000000797080000)
  from space 512K, 31% used [0x0000000797100000,0x0000000797128000,0x0000000797180000)
  to   space 9728K, 0% used [0x0000000797a00000,0x0000000797a00000,0x0000000798380000)
 ParOldGen       total 87552K, used 10384K [0x0000000740000000, 0x0000000745580000, 0x0000000795580000)
  object space 87552K, 11% used [0x0000000740000000,0x0000000740a241e8,0x0000000745580000)
 Metaspace       used 19558K, capacity 20630K, committed 20736K, reserved 1067008K
  class space    used 2738K, capacity 2994K, committed 3072K, reserved 1048576K
Event: 35.470 GC heap after
Heap after GC invocations=16 (full 0):
 PSYoungGen      total 35328K, used 160K [0x0000000795580000, 0x0000000798200000, 0x00000007c0000000)
  eden space 27136K, 0% used [0x0000000795580000,0x0000000795580000,0x0000000797000000)
  from space 8192K, 1% used [0x0000000797a00000,0x0000000797a28000,0x0000000798200000)
  to   space 9216K, 0% used [0x0000000797000000,0x0000000797000000,0x0000000797900000)
 ParOldGen       total 87552K, used 10416K [0x0000000740000000, 0x0000000745580000, 0x0000000795580000)
  object space 87552K, 11% used [0x0000000740000000,0x0000000740a2c1e8,0x0000000745580000)
 Metaspace       used 19558K, capacity 20630K, committed 20736K, reserved 1067008K
  class space    used 2738K, capacity 2994K, committed 3072K, reserved 1048576K
}
Event: 36.479 GC heap before
{Heap before GC invocations=17 (full 0):
 PSYoungGen      total 35328K, used 27296K [0x0000000795580000, 0x0000000798200000, 0x00000007c0000000)
  eden space 27136K, 100% used [0x0000000795580000,0x0000000797000000,0x0000000797000000)
  from space 8192K, 1% used [0x0000000797a00000,0x0000000797a28000,0x0000000798200000)
  to   space 9216K, 0% used [0x0000000797000000,0x0000000797000000,0x0000000797900000)
 ParOldGen       total 87552K, used 10416K [0x0000000740000000, 0x0000000745580000, 0x0000000795580000)
  object space 87552K, 11% used [0x0000000740000000,0x0000000740a2c1e8,0x0000000745580000)
 Metaspace       used 19593K, capacity 20636K, committed 20736K, reserved 1067008K
  class space    used 2739K, capacity 2995K, committed 3072K, reserved 1048576K
Event: 36.480 GC heap after
Heap after GC invocations=17 (full 0):
 PSYoungGen      total 27136K, used 160K [0x0000000795580000, 0x0000000798080000, 0x00000007c0000000)
  eden space 26624K, 0% used [0x0000000795580000,0x0000000795580000,0x0000000796f80000)
  from space 512K, 31% used [0x0000000797000000,0x0000000797028000,0x0000000797080000)
  to   space 8704K, 0% used [0x0000000797800000,0x0000000797800000,0x0000000798080000)
 ParOldGen       total 87552K, used 10448K [0x0000000740000000, 0x0000000745580000, 0x0000000795580000)
  object space 87552K, 11% used [0x0000000740000000,0x0000000740a341e8,0x0000000745580000)
 Metaspace       used 19593K, capacity 20636K, committed 20736K, reserved 1067008K
  class space    used 2739K, capacity 2995K, committed 3072K, reserved 1048576K
}
Event: 37.462 GC heap before
{Heap before GC invocations=18 (full 0):
 PSYoungGen      total 27136K, used 26784K [0x0000000795580000, 0x0000000798080000, 0x00000007c0000000)
  eden space 26624K, 100% used [0x0000000795580000,0x0000000796f80000,0x0000000796f80000)
  from space 512K, 31% used [0x0000000797000000,0x0000000797028000,0x0000000797080000)
  to   space 8704K, 0% used [0x0000000797800000,0x0000000797800000,0x0000000798080000)
 ParOldGen       total 87552K, used 10448K [0x0000000740000000, 0x0000000745580000, 0x0000000795580000)
  object space 87552K, 11% used [0x0000000740000000,0x0000000740a341e8,0x0000000745580000)
 Metaspace       used 19640K, capacity 20782K, committed 20992K, reserved 1067008K
  class space    used 2740K, capacity 2998K, committed 3072K, reserved 1048576K
Event: 37.464 GC heap after
Heap after GC invocations=18 (full 0):
 PSYoungGen      total 34304K, used 160K [0x0000000795580000, 0x0000000798000000, 0x00000007c0000000)
  eden space 26112K, 0% used [0x0000000795580000,0x0000000795580000,0x0000000796f00000)
  from space 8192K, 1% used [0x0000000797800000,0x0000000797828000,0x0000000798000000)
  to   space 8704K, 0% used [0x0000000796f00000,0x0000000796f00000,0x0000000797780000)
 ParOldGen       total 87552K, used 10488K [0x0000000740000000, 0x0000000745580000, 0x0000000795580000)
  object space 87552K, 11% used [0x0000000740000000,0x0000000740a3e1e8,0x0000000745580000)
 Metaspace       used 19640K, capacity 20782K, committed 20992K, reserved 1067008K
  class space    used 2740K, capacity 2998K, committed 3072K, reserved 1048576K
}
Event: 38.818 GC heap before
{Heap before GC invocations=19 (full 0):
 PSYoungGen      total 34304K, used 26272K [0x0000000795580000, 0x0000000798000000, 0x00000007c0000000)
  eden space 26112K, 100% used [0x0000000795580000,0x0000000796f00000,0x0000000796f00000)
  from space 8192K, 1% used [0x0000000797800000,0x0000000797828000,0x0000000798000000)
  to   space 8704K, 0% used [0x0000000796f00000,0x0000000796f00000,0x0000000797780000)
 ParOldGen       total 87552K, used 10488K [0x0000000740000000, 0x0000000745580000, 0x0000000795580000)
  object space 87552K, 11% used [0x0000000740000000,0x0000000740a3e1e8,0x0000000745580000)
 Metaspace       used 19646K, capacity 20782K, committed 20992K, reserved 1067008K
  class space    used 2740K, capacity 2998K, committed 3072K, reserved 1048576K
Event: 38.821 GC heap after
Heap after GC invocations=19 (full 0):
 PSYoungGen      total 26112K, used 64K [0x0000000795580000, 0x0000000797e80000, 0x00000007c0000000)
  eden space 25600K, 0% used [0x0000000795580000,0x0000000795580000,0x0000000796e80000)
  from space 512K, 12% used [0x0000000796f00000,0x0000000796f10000,0x0000000796f80000)
  to   space 8192K, 0% used [0x0000000797680000,0x0000000797680000,0x0000000797e80000)
 ParOldGen       total 87552K, used 10528K [0x0000000740000000, 0x0000000745580000, 0x0000000795580000)
  object space 87552K, 12% used [0x0000000740000000,0x0000000740a481e8,0x0000000745580000)
 Metaspace       used 19646K, capacity 20782K, committed 20992K, reserved 1067008K
  class space    used 2740K, capacity 2998K, committed 3072K, reserved 1048576K
}

Deoptimization events (10 events):
Event: 16.791 Thread 0x00007f94ca16e800 Uncommon trap: reason=class_check action=maybe_recompile pc=0x000000010bfb74d0 method=javafx.scene.Node.updateLocalToParentTransform()V @ 11
Event: 16.822 Thread 0x00007f94ca16e800 Uncommon trap: reason=unstable_if action=reinterpret pc=0x000000010bfbea98 method=com.sun.javafx.geom.Path2D.needRoom(ZI)V @ 93
Event: 16.839 Thread 0x00007f94c9997000 Uncommon trap: reason=null_check action=make_not_entrant pc=0x000000010c042098 method=com.sun.prism.es2.ES2Shader.getUniform(Ljava/lang/String;)Lcom/sun/prism/es2/ES2Shader$Uniform; @ 10
Event: 16.860 Thread 0x00007f94c9997000 Uncommon trap: reason=unstable_if action=reinterpret pc=0x000000010c07d870 method=com.sun.prism.es2.ES2Texture.updateWrapState()V @ 24
Event: 17.535 Thread 0x00007f94ca16e800 Uncommon trap: reason=bimorphic action=maybe_recompile pc=0x000000010c156738 method=javafx.scene.CssStyleHelper.resolveRef(Ljavafx/css/Styleable;Ljava/lang/String;Lcom/sun/javafx/css/StyleMap;Ljava/util/Set;)Lcom/sun/javafx/css/CascadingStyle; @ 91
Event: 17.535 Thread 0x00007f94ca16e800 Uncommon trap: reason=bimorphic action=maybe_recompile pc=0x000000010c156738 method=javafx.scene.CssStyleHelper.resolveRef(Ljavafx/css/Styleable;Ljava/lang/String;Lcom/sun/javafx/css/StyleMap;Ljava/util/Set;)Lcom/sun/javafx/css/CascadingStyle; @ 91
Event: 17.535 Thread 0x00007f94ca16e800 Uncommon trap: reason=bimorphic action=maybe_recompile pc=0x000000010c156738 method=javafx.scene.CssStyleHelper.resolveRef(Ljavafx/css/Styleable;Ljava/lang/String;Lcom/sun/javafx/css/StyleMap;Ljava/util/Set;)Lcom/sun/javafx/css/CascadingStyle; @ 91
Event: 17.535 Thread 0x00007f94ca16e800 Uncommon trap: reason=bimorphic action=maybe_recompile pc=0x000000010c156738 method=javafx.scene.CssStyleHelper.resolveRef(Ljavafx/css/Styleable;Ljava/lang/String;Lcom/sun/javafx/css/StyleMap;Ljava/util/Set;)Lcom/sun/javafx/css/CascadingStyle; @ 91
Event: 39.132 Thread 0x00007f94ca16e800 Uncommon trap: reason=unstable_if action=reinterpret pc=0x000000010bb916b4 method=java.security.AccessControlContext.optimize()Ljava/security/AccessControlContext; @ 83
Event: 39.494 Thread 0x00007f94ca16e800 Uncommon trap: reason=unstable_if action=reinterpret pc=0x000000010bb7f124 method=java.util.concurrent.locks.ReentrantLock$Sync.tryRelease(I)Z @ 28

Internal exceptions (10 events):
Event: 30.812 Thread 0x00007f94ca16e800 Exception <a 'java/lang/NullPointerException'> (0x00000007972322b8) thrown at [/Users/java_re/workspace/8-2-build-macosx-x86_64/jdk8u65/4987/hotspot/src/share/vm/interpreter/linkResolver.cpp, line 1280]
Event: 31.530 Thread 0x00007f94ca16e800 Exception <a 'java/lang/NullPointerException'> (0x00000007955b1700) thrown at [/Users/java_re/workspace/8-2-build-macosx-x86_64/jdk8u65/4987/hotspot/src/share/vm/interpreter/linkResolver.cpp, line 1280]
Event: 32.426 Thread 0x00007f94ca16e800 Exception <a 'java/lang/NullPointerException'> (0x0000000795847400) thrown at [/Users/java_re/workspace/8-2-build-macosx-x86_64/jdk8u65/4987/hotspot/src/share/vm/interpreter/linkResolver.cpp, line 1280]
Event: 33.009 Thread 0x00007f94ca16e800 Exception <a 'java/lang/NullPointerException'> (0x00000007959663b8) thrown at [/Users/java_re/workspace/8-2-build-macosx-x86_64/jdk8u65/4987/hotspot/src/share/vm/interpreter/linkResolver.cpp, line 1280]
Event: 33.993 Thread 0x00007f94ca16e800 Exception <a 'java/lang/NullPointerException'> (0x000000079687c048) thrown at [/Users/java_re/workspace/8-2-build-macosx-x86_64/jdk8u65/4987/hotspot/src/share/vm/interpreter/linkResolver.cpp, line 1280]
Event: 34.794 Thread 0x00007f94ca16e800 Exception <a 'java/lang/NullPointerException'> (0x0000000796ab7528) thrown at [/Users/java_re/workspace/8-2-build-macosx-x86_64/jdk8u65/4987/hotspot/src/share/vm/interpreter/linkResolver.cpp, line 1280]
Event: 35.362 Thread 0x00007f94ca16e800 Exception <a 'java/lang/NullPointerException'> (0x00000007969255f0) thrown at [/Users/java_re/workspace/8-2-build-macosx-x86_64/jdk8u65/4987/hotspot/src/share/vm/interpreter/linkResolver.cpp, line 1280]
Event: 35.929 Thread 0x00007f94ca16e800 Exception <a 'java/lang/NullPointerException'> (0x0000000796015b60) thrown at [/Users/java_re/workspace/8-2-build-macosx-x86_64/jdk8u65/4987/hotspot/src/share/vm/interpreter/linkResolver.cpp, line 1280]
Event: 36.524 Thread 0x00007f94ca16e800 Exception <a 'java/lang/NullPointerException'> (0x00000007956bd148) thrown at [/Users/java_re/workspace/8-2-build-macosx-x86_64/jdk8u65/4987/hotspot/src/share/vm/interpreter/linkResolver.cpp, line 1280]
Event: 37.093 Thread 0x00007f94ca16e800 Exception <a 'java/lang/NullPointerException'> (0x0000000796441330) thrown at [/Users/java_re/workspace/8-2-build-macosx-x86_64/jdk8u65/4987/hotspot/src/share/vm/interpreter/linkResolver.cpp, line 1280]

Events (10 events):
Event: 39.501 Thread 0x00007f94ca16e800 Thread exited: 0x00007f94ca16e800
Event: 39.501 loading class java/util/IdentityHashMap$KeySet
Event: 39.501 loading class java/util/IdentityHashMap$KeySet done
Event: 39.501 loading class java/util/IdentityHashMap$KeyIterator
Event: 39.501 loading class java/util/IdentityHashMap$IdentityHashMapIterator
Event: 39.501 loading class java/util/IdentityHashMap$IdentityHashMapIterator done
Event: 39.501 loading class java/util/IdentityHashMap$KeyIterator done
Event: 39.501 Thread 0x00007f94cb191000 Thread added: 0x00007f94cb191000
Event: 39.501 Thread 0x00007f94cb191000 Thread exited: 0x00007f94cb191000
Event: 39.502 Thread 0x00007f94d1045800 Thread exited: 0x00007f94d1045800


Dynamic libraries:
0x000000005420d000 	/System/Library/Frameworks/Cocoa.framework/Versions/A/Cocoa
0x000000005420d000 	/System/Library/Frameworks/Security.framework/Versions/A/Security
0x000000005420d000 	/System/Library/Frameworks/ApplicationServices.framework/Versions/A/ApplicationServices
0x000000005420d000 	/usr/lib/libz.1.dylib
0x000000005420d000 	/usr/lib/libSystem.B.dylib
0x000000005420d000 	/usr/lib/libobjc.A.dylib
0x000000005420d000 	/System/Library/Frameworks/CoreFoundation.framework/Versions/A/CoreFoundation
0x000000005420d000 	/System/Library/Frameworks/Foundation.framework/Versions/C/Foundation
0x000000005420d000 	/System/Library/Frameworks/AppKit.framework/Versions/C/AppKit
0x000000005420d000 	/System/Library/Frameworks/CoreData.framework/Versions/A/CoreData
0x000000005420d000 	/System/Library/PrivateFrameworks/RemoteViewServices.framework/Versions/A/RemoteViewServices
0x000000005420d000 	/System/Library/PrivateFrameworks/UIFoundation.framework/Versions/A/UIFoundation
0x000000005420d000 	/System/Library/PrivateFrameworks/DFRFoundation.framework/Versions/A/DFRFoundation
0x000000005420d000 	/usr/lib/libenergytrace.dylib
0x000000005420d000 	/System/Library/PrivateFrameworks/SkyLight.framework/Versions/A/SkyLight
0x000000005420d000 	/System/Library/Frameworks/CoreGraphics.framework/Versions/A/CoreGraphics
0x000000005420d000 	/usr/lib/libScreenReader.dylib
0x000000005420d000 	/System/Library/Frameworks/Accelerate.framework/Versions/A/Accelerate
0x000000005420d000 	/System/Library/Frameworks/IOSurface.framework/Versions/A/IOSurface
0x000000005420d000 	/System/Library/Frameworks/AudioToolbox.framework/Versions/A/AudioToolbox
0x000000005420d000 	/System/Library/Frameworks/AudioUnit.framework/Versions/A/AudioUnit
0x000000005420d000 	/System/Library/PrivateFrameworks/DataDetectorsCore.framework/Versions/A/DataDetectorsCore
0x000000005420d000 	/System/Library/PrivateFrameworks/DesktopServicesPriv.framework/Versions/A/DesktopServicesPriv
0x000000005420d000 	/System/Library/Frameworks/Carbon.framework/Versions/A/Frameworks/HIToolbox.framework/Versions/A/HIToolbox
0x000000005420d000 	/usr/lib/libicucore.A.dylib
0x000000005420d000 	/System/Library/Frameworks/QuartzCore.framework/Versions/A/QuartzCore
0x000000005420d000 	/System/Library/Frameworks/Carbon.framework/Versions/A/Frameworks/SpeechRecognition.framework/Versions/A/SpeechRecognition
0x000000005420d000 	/usr/lib/libauto.dylib
0x000000005420d000 	/usr/lib/libxml2.2.dylib
0x000000005420d000 	/System/Library/PrivateFrameworks/CoreUI.framework/Versions/A/CoreUI
0x000000005420d000 	/System/Library/Frameworks/CoreAudio.framework/Versions/A/CoreAudio
0x000000005420d000 	/System/Library/Frameworks/DiskArbitration.framework/Versions/A/DiskArbitration
0x000000005420d000 	/usr/lib/liblangid.dylib
0x000000005420d000 	/System/Library/PrivateFrameworks/MultitouchSupport.framework/Versions/A/MultitouchSupport
0x000000005420d000 	/System/Library/Frameworks/IOKit.framework/Versions/A/IOKit
0x000000005420d000 	/usr/lib/libDiagnosticMessagesClient.dylib
0x000000005420d000 	/System/Library/Frameworks/CoreServices.framework/Versions/A/CoreServices
0x000000005420d000 	/System/Library/PrivateFrameworks/PerformanceAnalysis.framework/Versions/A/PerformanceAnalysis
0x000000005420d000 	/System/Library/PrivateFrameworks/GenerationalStorage.framework/Versions/A/GenerationalStorage
0x000000005420d000 	/System/Library/Frameworks/OpenGL.framework/Versions/A/OpenGL
0x000000005420d000 	/System/Library/Frameworks/CoreImage.framework/Versions/A/CoreImage
0x000000005420d000 	/System/Library/Frameworks/CoreText.framework/Versions/A/CoreText
0x000000005420d000 	/System/Library/Frameworks/ImageIO.framework/Versions/A/ImageIO
0x000000005420d000 	/System/Library/PrivateFrameworks/Backup.framework/Versions/A/Backup
0x000000005420d000 	/usr/lib/libarchive.2.dylib
0x000000005420d000 	/System/Library/Frameworks/CFNetwork.framework/Versions/A/CFNetwork
0x000000005420d000 	/System/Library/Frameworks/SystemConfiguration.framework/Versions/A/SystemConfiguration
0x000000005420d000 	/usr/lib/libCRFSuite.dylib
0x000000005420d000 	/usr/lib/libc++.1.dylib
0x000000005420d000 	/usr/lib/libc++abi.dylib
0x000000005420d000 	/usr/lib/system/libcache.dylib
0x000000005420d000 	/usr/lib/system/libcommonCrypto.dylib
0x000000005420d000 	/usr/lib/system/libcompiler_rt.dylib
0x000000005420d000 	/usr/lib/system/libcopyfile.dylib
0x000000005420d000 	/usr/lib/system/libcorecrypto.dylib
0x000000005420d000 	/usr/lib/system/libdispatch.dylib
0x000000005420d000 	/usr/lib/system/libdyld.dylib
0x000000005420d000 	/usr/lib/system/libkeymgr.dylib
0x000000005420d000 	/usr/lib/system/liblaunch.dylib
0x000000005420d000 	/usr/lib/system/libmacho.dylib
0x000000005420d000 	/usr/lib/system/libquarantine.dylib
0x000000005420d000 	/usr/lib/system/libremovefile.dylib
0x000000005420d000 	/usr/lib/system/libsystem_asl.dylib
0x000000005420d000 	/usr/lib/system/libsystem_blocks.dylib
0x000000005420d000 	/usr/lib/system/libsystem_c.dylib
0x000000005420d000 	/usr/lib/system/libsystem_configuration.dylib
0x000000005420d000 	/usr/lib/system/libsystem_coreservices.dylib
0x000000005420d000 	/usr/lib/system/libsystem_coretls.dylib
0x000000005420d000 	/usr/lib/system/libsystem_dnssd.dylib
0x000000005420d000 	/usr/lib/system/libsystem_info.dylib
0x000000005420d000 	/usr/lib/system/libsystem_kernel.dylib
0x000000005420d000 	/usr/lib/system/libsystem_m.dylib
0x000000005420d000 	/usr/lib/system/libsystem_malloc.dylib
0x000000005420d000 	/usr/lib/system/libsystem_network.dylib
0x000000005420d000 	/usr/lib/system/libsystem_networkextension.dylib
0x000000005420d000 	/usr/lib/system/libsystem_notify.dylib
0x000000005420d000 	/usr/lib/system/libsystem_platform.dylib
0x000000005420d000 	/usr/lib/system/libsystem_pthread.dylib
0x000000005420d000 	/usr/lib/system/libsystem_sandbox.dylib
0x000000005420d000 	/usr/lib/system/libsystem_secinit.dylib
0x000000005420d000 	/usr/lib/system/libsystem_symptoms.dylib
0x000000005420d000 	/usr/lib/system/libsystem_trace.dylib
0x000000005420d000 	/usr/lib/system/libunwind.dylib
0x000000005420d000 	/usr/lib/system/libxpc.dylib
0x000000005420d000 	/usr/lib/libbsm.0.dylib
0x000000005420d000 	/usr/lib/system/libkxld.dylib
0x000000005420d000 	/usr/lib/libcoretls.dylib
0x000000005420d000 	/usr/lib/libcoretls_cfhelpers.dylib
0x000000005420d000 	/usr/lib/libOpenScriptingUtil.dylib
0x000000005420d000 	/usr/lib/libpam.2.dylib
0x000000005420d000 	/usr/lib/libsqlite3.dylib
0x000000005420d000 	/usr/lib/libxar.1.dylib
0x000000005420d000 	/usr/lib/libbz2.1.0.dylib
0x000000005420d000 	/usr/lib/liblzma.5.dylib
0x000000005420d000 	/usr/lib/libnetwork.dylib
0x000000005420d000 	/usr/lib/libpcap.A.dylib
0x000000005420d000 	/System/Library/Frameworks/CoreServices.framework/Versions/A/Frameworks/FSEvents.framework/Versions/A/FSEvents
0x000000005420d000 	/System/Library/Frameworks/CoreServices.framework/Versions/A/Frameworks/CarbonCore.framework/Versions/A/CarbonCore
0x000000005420d000 	/System/Library/Frameworks/CoreServices.framework/Versions/A/Frameworks/Metadata.framework/Versions/A/Metadata
0x000000005420d000 	/System/Library/Frameworks/CoreServices.framework/Versions/A/Frameworks/OSServices.framework/Versions/A/OSServices
0x000000005420d000 	/System/Library/Frameworks/CoreServices.framework/Versions/A/Frameworks/SearchKit.framework/Versions/A/SearchKit
0x000000005420d000 	/System/Library/Frameworks/CoreServices.framework/Versions/A/Frameworks/AE.framework/Versions/A/AE
0x000000005420d000 	/System/Library/Frameworks/CoreServices.framework/Versions/A/Frameworks/LaunchServices.framework/Versions/A/LaunchServices
0x000000005420d000 	/System/Library/Frameworks/CoreServices.framework/Versions/A/Frameworks/DictionaryServices.framework/Versions/A/DictionaryServices
0x000000005420d000 	/System/Library/Frameworks/CoreServices.framework/Versions/A/Frameworks/SharedFileList.framework/Versions/A/SharedFileList
0x000000005420d000 	/System/Library/Frameworks/NetFS.framework/Versions/A/NetFS
0x000000005420d000 	/System/Library/PrivateFrameworks/NetAuth.framework/Versions/A/NetAuth
0x000000005420d000 	/System/Library/PrivateFrameworks/login.framework/Versions/A/Frameworks/loginsupport.framework/Versions/A/loginsupport
0x000000005420d000 	/System/Library/PrivateFrameworks/TCC.framework/Versions/A/TCC
0x000000005420d000 	/usr/lib/libmecabra.dylib
0x000000005420d000 	/System/Library/Frameworks/ApplicationServices.framework/Versions/A/Frameworks/ATS.framework/Versions/A/ATS
0x000000005420d000 	/System/Library/Frameworks/ApplicationServices.framework/Versions/A/Frameworks/ColorSync.framework/Versions/A/ColorSync
0x000000005420d000 	/System/Library/Frameworks/ApplicationServices.framework/Versions/A/Frameworks/HIServices.framework/Versions/A/HIServices
0x000000005420d000 	/System/Library/Frameworks/ApplicationServices.framework/Versions/A/Frameworks/LangAnalysis.framework/Versions/A/LangAnalysis
0x000000005420d000 	/System/Library/Frameworks/ApplicationServices.framework/Versions/A/Frameworks/PrintCore.framework/Versions/A/PrintCore
0x000000005420d000 	/System/Library/Frameworks/ApplicationServices.framework/Versions/A/Frameworks/QD.framework/Versions/A/QD
0x000000005420d000 	/System/Library/Frameworks/ApplicationServices.framework/Versions/A/Frameworks/SpeechSynthesis.framework/Versions/A/SpeechSynthesis
0x000000005420d000 	/System/Library/Frameworks/Accelerate.framework/Versions/A/Frameworks/vImage.framework/Versions/A/vImage
0x000000005420d000 	/System/Library/Frameworks/Accelerate.framework/Versions/A/Frameworks/vecLib.framework/Versions/A/vecLib
0x000000005420d000 	/System/Library/Frameworks/Accelerate.framework/Versions/A/Frameworks/vecLib.framework/Versions/A/libvDSP.dylib
0x000000005420d000 	/System/Library/Frameworks/Accelerate.framework/Versions/A/Frameworks/vecLib.framework/Versions/A/libBNNS.dylib
0x000000005420d000 	/System/Library/Frameworks/Accelerate.framework/Versions/A/Frameworks/vecLib.framework/Versions/A/libQuadrature.dylib
0x000000005420d000 	/System/Library/Frameworks/Accelerate.framework/Versions/A/Frameworks/vecLib.framework/Versions/A/libvMisc.dylib
0x000000005420d000 	/System/Library/Frameworks/Accelerate.framework/Versions/A/Frameworks/vecLib.framework/Versions/A/libLAPACK.dylib
0x000000005420d000 	/System/Library/Frameworks/Accelerate.framework/Versions/A/Frameworks/vecLib.framework/Versions/A/libBLAS.dylib
0x000000005420d000 	/System/Library/Frameworks/Accelerate.framework/Versions/A/Frameworks/vecLib.framework/Versions/A/libLinearAlgebra.dylib
0x000000005420d000 	/System/Library/Frameworks/Accelerate.framework/Versions/A/Frameworks/vecLib.framework/Versions/A/libSparseBLAS.dylib
0x000000005420d000 	/System/Library/Frameworks/ApplicationServices.framework/Versions/A/Frameworks/ATS.framework/Versions/A/Resources/libFontParser.dylib
0x000000005420d000 	/System/Library/Frameworks/ApplicationServices.framework/Versions/A/Frameworks/ATS.framework/Versions/A/Resources/libFontRegistry.dylib
0x000000005420d000 	/System/Library/Frameworks/ImageIO.framework/Versions/A/Resources/libJPEG.dylib
0x000000005420d000 	/System/Library/Frameworks/ImageIO.framework/Versions/A/Resources/libTIFF.dylib
0x000000005420d000 	/System/Library/Frameworks/ImageIO.framework/Versions/A/Resources/libPng.dylib
0x000000005420d000 	/System/Library/Frameworks/ImageIO.framework/Versions/A/Resources/libGIF.dylib
0x000000005420d000 	/System/Library/Frameworks/ImageIO.framework/Versions/A/Resources/libJP2.dylib
0x000000005420d000 	/System/Library/Frameworks/ImageIO.framework/Versions/A/Resources/libRadiance.dylib
0x000000005420d000 	/usr/lib/libcompression.dylib
0x000000005420d000 	/System/Library/PrivateFrameworks/AppleJPEG.framework/Versions/A/AppleJPEG
0x000000005420d000 	/usr/lib/libcups.2.dylib
0x000000005420d000 	/System/Library/Frameworks/Kerberos.framework/Versions/A/Kerberos
0x000000005420d000 	/System/Library/Frameworks/GSS.framework/Versions/A/GSS
0x000000005420d000 	/usr/lib/libresolv.9.dylib
0x000000005420d000 	/usr/lib/libiconv.2.dylib
0x000000005420d000 	/System/Library/PrivateFrameworks/Heimdal.framework/Versions/A/Heimdal
0x000000005420d000 	/usr/lib/libheimdal-asn1.dylib
0x000000005420d000 	/System/Library/Frameworks/OpenDirectory.framework/Versions/A/OpenDirectory
0x000000005420d000 	/System/Library/PrivateFrameworks/CommonAuth.framework/Versions/A/CommonAuth
0x000000005420d000 	/System/Library/Frameworks/OpenDirectory.framework/Versions/A/Frameworks/CFOpenDirectory.framework/Versions/A/CFOpenDirectory
0x000000005420d000 	/System/Library/Frameworks/SecurityFoundation.framework/Versions/A/SecurityFoundation
0x000000005420d000 	/System/Library/PrivateFrameworks/LanguageModeling.framework/Versions/A/LanguageModeling
0x000000005420d000 	/usr/lib/libmarisa.dylib
0x000000005420d000 	/usr/lib/libChineseTokenizer.dylib
0x000000005420d000 	/usr/lib/libcmph.dylib
0x000000005420d000 	/System/Library/PrivateFrameworks/CoreEmoji.framework/Versions/A/CoreEmoji
0x000000005420d000 	/System/Library/Frameworks/ServiceManagement.framework/Versions/A/ServiceManagement
0x000000005420d000 	/usr/lib/libxslt.1.dylib
0x000000005420d000 	/System/Library/Frameworks/Carbon.framework/Versions/A/Frameworks/Ink.framework/Versions/A/Ink
0x000000005420d000 	/System/Library/PrivateFrameworks/TextureIO.framework/Versions/A/TextureIO
0x000000005420d000 	/System/Library/Frameworks/Metal.framework/Versions/A/Metal
0x000000005420d000 	/usr/lib/libate.dylib
0x000000005420d000 	/System/Library/PrivateFrameworks/GPUCompiler.framework/libmetal_timestamp.dylib
0x000000005420d000 	/System/Library/Frameworks/OpenGL.framework/Versions/A/Libraries/libCoreFSCache.dylib
0x000000005420d000 	/System/Library/PrivateFrameworks/IOAccelerator.framework/Versions/A/IOAccelerator
0x000000005420d000 	/System/Library/Frameworks/CoreVideo.framework/Versions/A/CoreVideo
0x000000005420d000 	/usr/lib/libFosl_dynamic.dylib
0x000000005420d000 	/System/Library/PrivateFrameworks/MetalPerformanceShaders.framework/Versions/A/MetalPerformanceShaders
0x000000005420d000 	/System/Library/PrivateFrameworks/FaceCore.framework/Versions/A/FaceCore
0x000000005420d000 	/System/Library/Frameworks/OpenCL.framework/Versions/A/OpenCL
0x000000005420d000 	/System/Library/Frameworks/OpenGL.framework/Versions/A/Libraries/libGLU.dylib
0x000000005420d000 	/System/Library/Frameworks/OpenGL.framework/Versions/A/Libraries/libGFXShared.dylib
0x000000005420d000 	/System/Library/Frameworks/OpenGL.framework/Versions/A/Libraries/libGL.dylib
0x000000005420d000 	/System/Library/Frameworks/OpenGL.framework/Versions/A/Libraries/libGLImage.dylib
0x000000005420d000 	/System/Library/Frameworks/OpenGL.framework/Versions/A/Libraries/libCVMSPluginSupport.dylib
0x000000005420d000 	/System/Library/Frameworks/OpenGL.framework/Versions/A/Libraries/libCoreVMClient.dylib
0x000000005420d000 	/System/Library/PrivateFrameworks/CrashReporterSupport.framework/Versions/A/CrashReporterSupport
0x000000005420d000 	/System/Library/PrivateFrameworks/Sharing.framework/Versions/A/Sharing
0x000000005420d000 	/System/Library/PrivateFrameworks/IconServices.framework/Versions/A/IconServices
0x000000005420d000 	/System/Library/PrivateFrameworks/ProtocolBuffer.framework/Versions/A/ProtocolBuffer
0x000000005420d000 	/System/Library/PrivateFrameworks/Apple80211.framework/Versions/A/Apple80211
0x000000005420d000 	/System/Library/Frameworks/CoreWLAN.framework/Versions/A/CoreWLAN
0x000000005420d000 	/System/Library/PrivateFrameworks/CoreUtils.framework/Versions/A/CoreUtils
0x000000005420d000 	/System/Library/Frameworks/IOBluetooth.framework/Versions/A/IOBluetooth
0x000000005420d000 	/System/Library/PrivateFrameworks/CoreWiFi.framework/Versions/A/CoreWiFi
0x000000005420d000 	/System/Library/Frameworks/CoreBluetooth.framework/Versions/A/CoreBluetooth
0x000000005420d000 	/System/Library/Frameworks/CoreDisplay.framework/Versions/A/CoreDisplay
0x000000005420d000 	/System/Library/PrivateFrameworks/IOPresentment.framework/Versions/A/IOPresentment
0x000000005420d000 	/System/Library/PrivateFrameworks/DSExternalDisplay.framework/Versions/A/DSExternalDisplay
0x000000005420d000 	/System/Library/PrivateFrameworks/DebugSymbols.framework/Versions/A/DebugSymbols
0x000000005420d000 	/System/Library/PrivateFrameworks/CoreSymbolication.framework/Versions/A/CoreSymbolication
0x000000005420d000 	/System/Library/PrivateFrameworks/Symbolication.framework/Versions/A/Symbolication
0x000000005420d000 	/System/Library/PrivateFrameworks/AppleFSCompression.framework/Versions/A/AppleFSCompression
0x000000005420d000 	/System/Library/PrivateFrameworks/SpeechRecognitionCore.framework/Versions/A/SpeechRecognitionCore
0x000000005420d000 	/System/Library/PrivateFrameworks/ChunkingLibrary.framework/Versions/A/ChunkingLibrary
0x0000000105400000 	/Library/Java/JavaVirtualMachines/jdk1.8.0_65.jdk/Contents/Home/jre/lib/server/libjvm.dylib
0x000000005420d000 	/usr/lib/libstdc++.6.dylib
0x0000000104b59000 	/Library/Java/JavaVirtualMachines/jdk1.8.0_65.jdk/Contents/Home/jre/lib/libverify.dylib
0x0000000104b67000 	/Library/Java/JavaVirtualMachines/jdk1.8.0_65.jdk/Contents/Home/jre/lib/libjava.dylib
0x0000000104ba6000 	/Library/Java/JavaVirtualMachines/jdk1.8.0_65.jdk/Contents/Home/jre/lib/libzip.dylib
0x000000011bd2c000 	/System/Library/Frameworks/JavaVM.framework/Frameworks/JavaRuntimeSupport.framework/JavaRuntimeSupport
0x000000011bd46000 	/System/Library/Frameworks/JavaVM.framework/Versions/A/Frameworks/JavaNativeFoundation.framework/Versions/A/JavaNativeFoundation
0x000000011bd5b000 	/System/Library/Frameworks/JavaVM.framework/Versions/A/JavaVM
0x000000005420d000 	/System/Library/Frameworks/Carbon.framework/Versions/A/Carbon
0x000000011bd68000 	/System/Library/PrivateFrameworks/JavaLaunching.framework/Versions/A/JavaLaunching
0x000000005420d000 	/System/Library/Frameworks/Carbon.framework/Versions/A/Frameworks/CommonPanels.framework/Versions/A/CommonPanels
0x000000005420d000 	/System/Library/Frameworks/Carbon.framework/Versions/A/Frameworks/Help.framework/Versions/A/Help
0x000000005420d000 	/System/Library/Frameworks/Carbon.framework/Versions/A/Frameworks/ImageCapture.framework/Versions/A/ImageCapture
0x000000005420d000 	/System/Library/Frameworks/Carbon.framework/Versions/A/Frameworks/OpenScripting.framework/Versions/A/OpenScripting
0x000000005420d000 	/System/Library/Frameworks/Carbon.framework/Versions/A/Frameworks/Print.framework/Versions/A/Print
0x000000005420d000 	/System/Library/Frameworks/Carbon.framework/Versions/A/Frameworks/SecurityHI.framework/Versions/A/SecurityHI
0x000000011d707000 	/Library/Java/JavaVirtualMachines/jdk1.8.0_65.jdk/Contents/Home/jre/lib/libprism_es2.dylib
0x000000011d76d000 	/System/Library/Frameworks/OpenGL.framework/Resources/GLEngine.bundle/GLEngine
0x000000005420d000 	/System/Library/Frameworks/OpenGL.framework/Versions/A/Libraries/libGLProgrammability.dylib
0x000000011d952000 	/System/Library/Extensions/AppleIntelHD5000GraphicsGLDriver.bundle/Contents/MacOS/AppleIntelHD5000GraphicsGLDriver
0x000000005420d000 	/System/Library/PrivateFrameworks/GPUSupport.framework/Versions/A/Libraries/libGPUSupportMercury.dylib
0x000000011e0c5000 	/System/Library/Frameworks/OpenGL.framework/Resources//GLRendererFloat.bundle/GLRendererFloat
0x000000005420d000 	/System/Library/Frameworks/OpenCL.framework/Versions/A/Libraries/libcldcpuengine.dylib
0x000000005420d000 	/usr/lib/libcrypto.0.9.8.dylib
0x000000005420d000 	/System/Library/PrivateFrameworks/TrustEvaluationAgent.framework/Versions/A/TrustEvaluationAgent
0x000000011e528000 	/Library/Java/JavaVirtualMachines/jdk1.8.0_65.jdk/Contents/Home/jre/lib/libglass.dylib
0x000000005420d000 	/System/Library/PrivateFrameworks/CoreServicesInternal.framework/Versions/A/CoreServicesInternal
0x000000005420d000 	/System/Library/CoreServices/RawCamera.bundle/Contents/MacOS/RawCamera
0x000000005420d000 	/System/Library/Frameworks/Accelerate.framework/Versions/A/Frameworks/vImage.framework/Versions/A/Libraries/libCGInterfaces.dylib
0x000000005420d000 	/System/Library/PrivateFrameworks/FamilyControls.framework/Versions/A/FamilyControls
0x000000005420d000 	/System/Library/PrivateFrameworks/CommerceKit.framework/Versions/A/Frameworks/CommerceCore.framework/Versions/A/CommerceCore
0x000000005420d000 	/System/Library/PrivateFrameworks/SystemAdministration.framework/Versions/A/SystemAdministration
0x000000005420d000 	/System/Library/PrivateFrameworks/AppContainer.framework/Versions/A/AppContainer
0x000000005420d000 	/System/Library/PrivateFrameworks/SecCodeWrapper.framework/Versions/A/SecCodeWrapper
0x000000005420d000 	/System/Library/Frameworks/DirectoryService.framework/Versions/A/DirectoryService
0x000000005420d000 	/System/Library/PrivateFrameworks/DiskImages.framework/Versions/A/DiskImages
0x000000005420d000 	/System/Library/PrivateFrameworks/LoginUIKit.framework/Versions/A/Frameworks/LoginUICore.framework/Versions/A/LoginUICore
0x000000005420d000 	/usr/lib/libCoreStorage.dylib
0x000000005420d000 	/usr/lib/libcsfde.dylib
0x000000005420d000 	/usr/lib/libodfde.dylib
0x000000005420d000 	/System/Library/Frameworks/DiscRecording.framework/Versions/A/DiscRecording
0x000000005420d000 	/usr/lib/libcurl.4.dylib
0x000000005420d000 	/System/Library/PrivateFrameworks/MediaKit.framework/Versions/A/MediaKit
0x000000005420d000 	/System/Library/PrivateFrameworks/ProtectedCloudStorage.framework/Versions/A/ProtectedCloudStorage
0x000000005420d000 	/System/Library/PrivateFrameworks/EFILogin.framework/Versions/A/EFILogin
0x000000005420d000 	/usr/lib/libutil.dylib
0x000000005420d000 	/System/Library/Frameworks/LDAP.framework/Versions/A/LDAP
0x000000005420d000 	/usr/lib/libsasl2.2.dylib
0x000000005420d000 	/System/Library/PrivateFrameworks/CoreDaemon.framework/Versions/B/CoreDaemon
0x000000005420d000 	/System/Library/PrivateFrameworks/AppleSRP.framework/Versions/A/AppleSRP
0x000000005420d000 	/System/Library/PrivateFrameworks/APFS.framework/Versions/A/APFS
0x000000011e6a0000 	/Library/Java/JavaVirtualMachines/jdk1.8.0_65.jdk/Contents/Home/jre/lib/libjavafx_font.dylib
0x000000005420d000 	/System/Library/Frameworks/ApplicationServices.framework/Versions/A/Frameworks/ATS.framework/Versions/A/Resources/libTrueTypeScaler.dylib
0x0000000127db2000 	/System/Library/Extensions/AppleIntelHD5000GraphicsMTLDriver.bundle/Contents/MacOS/AppleIntelHD5000GraphicsMTLDriver
0x000000005420d000 	/System/Library/PrivateFrameworks/ViewBridge.framework/Versions/A/ViewBridge
0x000000005420d000 	/System/Library/PrivateFrameworks/XPCService.framework/Versions/A/XPCService
0x000000005420d000 	/System/Library/PrivateFrameworks/AppSandbox.framework/Versions/A/AppSandbox
0x000000005420d000 	/usr/lib/libsandbox.1.dylib
0x000000005420d000 	/usr/lib/libMatch.1.dylib
0x000000012bb4d000 	/Library/Java/JavaVirtualMachines/jdk1.8.0_65.jdk/Contents/Home/jre/lib/libprism_common.dylib
0x000000012c2ed000 	/Library/Java/JavaVirtualMachines/jdk1.8.0_65.jdk/Contents/Home/jre/lib/libglib-lite.dylib
0x000000012c40e000 	/Library/Java/JavaVirtualMachines/jdk1.8.0_65.jdk/Contents/Home/jre/lib/libgstreamer-lite.dylib
0x000000011e6ad000 	/Library/Java/JavaVirtualMachines/jdk1.8.0_65.jdk/Contents/Home/jre/lib/libjfxmedia.dylib
0x000000011e6e8000 	/Library/Java/JavaVirtualMachines/jdk1.8.0_65.jdk/Contents/Home/jre/lib/libjfxmedia_avf.dylib
0x000000005420d000 	/System/Library/Frameworks/AVFoundation.framework/Versions/A/AVFoundation
0x000000005420d000 	/System/Library/Frameworks/CoreMedia.framework/Versions/A/CoreMedia
0x000000005420d000 	/System/Library/Frameworks/MediaToolbox.framework/Versions/A/MediaToolbox
0x000000005420d000 	/System/Library/Frameworks/AVFoundation.framework/Versions/A/Frameworks/AVFAudio.framework/Versions/A/AVFAudio
0x000000005420d000 	/System/Library/Frameworks/VideoToolbox.framework/Versions/A/VideoToolbox
0x000000005420d000 	/System/Library/PrivateFrameworks/IntlPreferences.framework/Versions/A/IntlPreferences
0x000000005420d000 	/System/Library/Frameworks/CoreMediaIO.framework/Versions/A/CoreMediaIO
0x000000005420d000 	/usr/lib/libspindump.dylib
0x000000005420d000 	/usr/lib/libdscsym.dylib
0x000000005420d000 	/System/Library/PrivateFrameworks/CoreAVCHD.framework/Versions/A/CoreAVCHD
0x000000005420d000 	/System/Library/Frameworks/MediaAccessibility.framework/Versions/A/MediaAccessibility
0x000000005420d000 	/System/Library/PrivateFrameworks/Mangrove.framework/Versions/A/Mangrove
0x000000005420d000 	/System/Library/PrivateFrameworks/CoreAUC.framework/Versions/A/CoreAUC
0x000000005420d000 	/System/Library/PrivateFrameworks/AppleVA.framework/Versions/A/AppleVA
0x000000011e71d000 	/Library/Java/JavaVirtualMachines/jdk1.8.0_65.jdk/Contents/Home/jre/lib/libjfxmedia_qtkit.dylib
0x000000005420d000 	/System/Library/Frameworks/QTKit.framework/Versions/A/QTKit
0x000000005420d000 	/System/Library/PrivateFrameworks/CoreMediaAuthoring.framework/Versions/A/CoreMediaAuthoring
0x000000011e72a000 	/Library/Java/JavaVirtualMachines/jdk1.8.0_65.jdk/Contents/Home/jre/lib/libfxplugins.dylib
0x000000011e755000 	/System/Library/Frameworks/VideoDecodeAcceleration.framework/Versions/A/VideoDecodeAcceleration
0x000000011e75b000 	/Library/Java/JavaVirtualMachines/jdk1.8.0_65.jdk/Contents/Home/jre/lib/libnet.dylib
0x000000011e7d2000 	/Library/Java/JavaVirtualMachines/jdk1.8.0_65.jdk/Contents/Home/jre/lib/libnio.dylib
0x000000011e772000 	/System/Library/Extensions/AppleHDA.kext/Contents/PlugIns/AppleHDAHALPlugIn.bundle/Contents/MacOS/AppleHDAHALPlugIn
0x000000012c786000 	/System/Library/Components/CoreAudio.component/Contents/MacOS/CoreAudio
0x000000005420d000 	/System/Library/PrivateFrameworks/AppleGVA.framework/Versions/A/AppleGVA
0x000000012ca4f000 	/System/Library/Extensions/AppleIntelHD5000GraphicsVADriver.bundle/Contents/MacOS/AppleIntelHD5000GraphicsVADriver
0x000000011e80d000 	/System/Library/Extensions/AppleIntelHSWVA.bundle/Contents/MacOS/AppleIntelHSWVA
0x000000012d527000 	/System/Library/Components/AudioCodecs.component/Contents/MacOS/AudioCodecs

VM Arguments:
jvm_args: -Dfile.encoding=UTF-8 
java_command: securitydisplay.AppMain
java_class_path (initial): /Users/PrayAnne/NetBeansProjects/TeamRepositroy/SecurityDisplay_Main/build/classes
Launcher Type: SUN_STANDARD

Environment Variables:
PATH=/usr/bin:/bin:/usr/sbin:/sbin
LD_LIBRARY_PATH=/Library/Java/JavaVirtualMachines/jdk1.8.0_65.jdk/Contents/Home/jre/lib/amd64:/Library/Java/JavaVirtualMachines/jdk1.8.0_65.jdk/Contents/Home/jre/lib/i386:
SHELL=/bin/bash

Signal Handlers:
SIGSEGV: [libjvm.dylib+0x5a6d31], sa_mask[0]=11111111011111110111111111111111, sa_flags=SA_ONSTACK|SA_RESTART|SA_SIGINFO
SIGBUS: [libjvm.dylib+0x5a6d31], sa_mask[0]=11111111011111110111111111111111, sa_flags=SA_RESTART|SA_SIGINFO
SIGFPE: [libjvm.dylib+0x480a40], sa_mask[0]=11111111011111110111111111111111, sa_flags=SA_RESTART|SA_SIGINFO
SIGPIPE: [libjvm.dylib+0x480a40], sa_mask[0]=11111111011111110111111111111111, sa_flags=SA_RESTART|SA_SIGINFO
SIGXFSZ: [libjvm.dylib+0x480a40], sa_mask[0]=11111111011111110111111111111111, sa_flags=SA_RESTART|SA_SIGINFO
SIGILL: [libjvm.dylib+0x480a40], sa_mask[0]=11111111011111110111111111111111, sa_flags=SA_RESTART|SA_SIGINFO
SIGUSR1: SIG_DFL, sa_mask[0]=00000000000000000000000000000000, sa_flags=none
SIGUSR2: [libjvm.dylib+0x48055e], sa_mask[0]=00100000000000000000000000000000, sa_flags=SA_RESTART|SA_SIGINFO
SIGHUP: [libjvm.dylib+0x47eb35], sa_mask[0]=11111111011111110111111111111111, sa_flags=SA_RESTART|SA_SIGINFO
SIGINT: SIG_IGN, sa_mask[0]=00000000000000000000000000000000, sa_flags=none
SIGTERM: [libjvm.dylib+0x47eb35], sa_mask[0]=11111111011111110111111111111111, sa_flags=SA_RESTART|SA_SIGINFO
SIGQUIT: [libjvm.dylib+0x47eb35], sa_mask[0]=11111111011111110111111111111111, sa_flags=SA_RESTART|SA_SIGINFO


---------------  S Y S T E M  ---------------

OS:Bsduname:Darwin 16.5.0 Darwin Kernel Version 16.5.0: Fri Mar  3 16:52:33 PST 2017; root:xnu-3789.51.2~3/RELEASE_X86_64 x86_64
rlimit: STACK 8192k, CORE 0k, NPROC 709, NOFILE 10240, AS infinity
load average:2.37 2.35 2.48

CPU:total 4 (2 cores per cpu, 2 threads per core) family 6 model 69 stepping 1, cmov, cx8, fxsr, mmx, sse, sse2, sse3, ssse3, sse4.1, sse4.2, popcnt, avx, avx2, aes, clmul, erms, lzcnt, ht, tsc, tscinvbit, bmi1, bmi2

Memory: 4k page, physical 8388608k(228344k free)

/proc/meminfo:


vm_info: Java HotSpot(TM) 64-Bit Server VM (25.65-b01) for bsd-amd64 JRE (1.8.0_65-b17), built on Oct  6 2015 15:36:46 by "java_re" with gcc 4.2.1 (Based on Apple Inc. build 5658) (LLVM build 2336.11.00)

time: Sat May 13 16:17:30 2017
elapsed time: 39 seconds (0d 0h 0m 39s)

